ARM GAS  /var/folders/hl/qgbwny5j0fd895c2c41bk3tw0000gp/T//ccyzFrem.s 			page 1


   1              		.cpu cortex-m7
   2              		.eabi_attribute 28, 1
   3              		.eabi_attribute 20, 1
   4              		.eabi_attribute 21, 1
   5              		.eabi_attribute 23, 3
   6              		.eabi_attribute 24, 1
   7              		.eabi_attribute 25, 1
   8              		.eabi_attribute 26, 1
   9              		.eabi_attribute 30, 4
  10              		.eabi_attribute 34, 1
  11              		.eabi_attribute 18, 4
  12              		.file	"units.cc"
  13              		.text
  14              	.Ltext0:
  15              		.cfi_sections	.debug_frame
  16              		.global	_ZN6stmlib19lut_pitch_ratio_lowE
  17              		.global	_ZN6stmlib20lut_pitch_ratio_highE
  18              		.section	.rodata._ZN6stmlib19lut_pitch_ratio_lowE,"a"
  19              		.align	2
  22              	_ZN6stmlib19lut_pitch_ratio_lowE:
  23 0000 0000803F 		.word	1065353216
  24 0004 6507803F 		.word	1065355109
  25 0008 CA0E803F 		.word	1065357002
  26 000c 3016803F 		.word	1065358896
  27 0010 961D803F 		.word	1065360790
  28 0014 FD24803F 		.word	1065362685
  29 0018 642C803F 		.word	1065364580
  30 001c CC33803F 		.word	1065366476
  31 0020 343B803F 		.word	1065368372
  32 0024 9C42803F 		.word	1065370268
  33 0028 054A803F 		.word	1065372165
  34 002c 6E51803F 		.word	1065374062
  35 0030 D858803F 		.word	1065375960
  36 0034 4260803F 		.word	1065377858
  37 0038 AC67803F 		.word	1065379756
  38 003c 176F803F 		.word	1065381655
  39 0040 8376803F 		.word	1065383555
  40 0044 EF7D803F 		.word	1065385455
  41 0048 5B85803F 		.word	1065387355
  42 004c C88C803F 		.word	1065389256
  43 0050 3594803F 		.word	1065391157
  44 0054 A29B803F 		.word	1065393058
  45 0058 10A3803F 		.word	1065394960
  46 005c 7EAA803F 		.word	1065396862
  47 0060 EDB1803F 		.word	1065398765
  48 0064 5DB9803F 		.word	1065400669
  49 0068 CCC0803F 		.word	1065402572
  50 006c 3CC8803F 		.word	1065404476
  51 0070 ADCF803F 		.word	1065406381
  52 0074 1ED7803F 		.word	1065408286
  53 0078 8FDE803F 		.word	1065410191
  54 007c 01E6803F 		.word	1065412097
  55 0080 73ED803F 		.word	1065414003
  56 0084 E6F4803F 		.word	1065415910
  57 0088 59FC803F 		.word	1065417817
  58 008c CD03813F 		.word	1065419725
  59 0090 410B813F 		.word	1065421633
ARM GAS  /var/folders/hl/qgbwny5j0fd895c2c41bk3tw0000gp/T//ccyzFrem.s 			page 2


  60 0094 B512813F 		.word	1065423541
  61 0098 2A1A813F 		.word	1065425450
  62 009c 9F21813F 		.word	1065427359
  63 00a0 1529813F 		.word	1065429269
  64 00a4 8B30813F 		.word	1065431179
  65 00a8 0238813F 		.word	1065433090
  66 00ac 793F813F 		.word	1065435001
  67 00b0 F046813F 		.word	1065436912
  68 00b4 684E813F 		.word	1065438824
  69 00b8 E055813F 		.word	1065440736
  70 00bc 595D813F 		.word	1065442649
  71 00c0 D264813F 		.word	1065444562
  72 00c4 4C6C813F 		.word	1065446476
  73 00c8 C673813F 		.word	1065448390
  74 00cc 407B813F 		.word	1065450304
  75 00d0 BB82813F 		.word	1065452219
  76 00d4 368A813F 		.word	1065454134
  77 00d8 B291813F 		.word	1065456050
  78 00dc 2E99813F 		.word	1065457966
  79 00e0 ABA0813F 		.word	1065459883
  80 00e4 28A8813F 		.word	1065461800
  81 00e8 A5AF813F 		.word	1065463717
  82 00ec 23B7813F 		.word	1065465635
  83 00f0 A1BE813F 		.word	1065467553
  84 00f4 20C6813F 		.word	1065469472
  85 00f8 9FCD813F 		.word	1065471391
  86 00fc 1FD5813F 		.word	1065473311
  87 0100 9FDC813F 		.word	1065475231
  88 0104 20E4813F 		.word	1065477152
  89 0108 A1EB813F 		.word	1065479073
  90 010c 22F3813F 		.word	1065480994
  91 0110 A4FA813F 		.word	1065482916
  92 0114 2602823F 		.word	1065484838
  93 0118 A909823F 		.word	1065486761
  94 011c 2C11823F 		.word	1065488684
  95 0120 AF18823F 		.word	1065490607
  96 0124 3320823F 		.word	1065492531
  97 0128 B827823F 		.word	1065494456
  98 012c 3C2F823F 		.word	1065496380
  99 0130 C236823F 		.word	1065498306
 100 0134 473E823F 		.word	1065500231
 101 0138 CE45823F 		.word	1065502158
 102 013c 544D823F 		.word	1065504084
 103 0140 DB54823F 		.word	1065506011
 104 0144 635C823F 		.word	1065507939
 105 0148 EB63823F 		.word	1065509867
 106 014c 736B823F 		.word	1065511795
 107 0150 FC72823F 		.word	1065513724
 108 0154 857A823F 		.word	1065515653
 109 0158 0E82823F 		.word	1065517582
 110 015c 9889823F 		.word	1065519512
 111 0160 2391823F 		.word	1065521443
 112 0164 AE98823F 		.word	1065523374
 113 0168 39A0823F 		.word	1065525305
 114 016c C5A7823F 		.word	1065527237
 115 0170 51AF823F 		.word	1065529169
 116 0174 DEB6823F 		.word	1065531102
ARM GAS  /var/folders/hl/qgbwny5j0fd895c2c41bk3tw0000gp/T//ccyzFrem.s 			page 3


 117 0178 6BBE823F 		.word	1065533035
 118 017c F9C5823F 		.word	1065534969
 119 0180 87CD823F 		.word	1065536903
 120 0184 15D5823F 		.word	1065538837
 121 0188 A4DC823F 		.word	1065540772
 122 018c 33E4823F 		.word	1065542707
 123 0190 C3EB823F 		.word	1065544643
 124 0194 53F3823F 		.word	1065546579
 125 0198 E4FA823F 		.word	1065548516
 126 019c 7502833F 		.word	1065550453
 127 01a0 060A833F 		.word	1065552390
 128 01a4 9811833F 		.word	1065554328
 129 01a8 2A19833F 		.word	1065556266
 130 01ac BD20833F 		.word	1065558205
 131 01b0 5028833F 		.word	1065560144
 132 01b4 E42F833F 		.word	1065562084
 133 01b8 7837833F 		.word	1065564024
 134 01bc 0D3F833F 		.word	1065565965
 135 01c0 A246833F 		.word	1065567906
 136 01c4 374E833F 		.word	1065569847
 137 01c8 CD55833F 		.word	1065571789
 138 01cc 635D833F 		.word	1065573731
 139 01d0 FA64833F 		.word	1065575674
 140 01d4 916C833F 		.word	1065577617
 141 01d8 2974833F 		.word	1065579561
 142 01dc C17B833F 		.word	1065581505
 143 01e0 5983833F 		.word	1065583449
 144 01e4 F28A833F 		.word	1065585394
 145 01e8 8C92833F 		.word	1065587340
 146 01ec 259A833F 		.word	1065589285
 147 01f0 C0A1833F 		.word	1065591232
 148 01f4 5AA9833F 		.word	1065593178
 149 01f8 F5B0833F 		.word	1065595125
 150 01fc 91B8833F 		.word	1065597073
 151 0200 2DC0833F 		.word	1065599021
 152 0204 C9C7833F 		.word	1065600969
 153 0208 66CF833F 		.word	1065602918
 154 020c 04D7833F 		.word	1065604868
 155 0210 A1DE833F 		.word	1065606817
 156 0214 40E6833F 		.word	1065608768
 157 0218 DEED833F 		.word	1065610718
 158 021c 7DF5833F 		.word	1065612669
 159 0220 1DFD833F 		.word	1065614621
 160 0224 BD04843F 		.word	1065616573
 161 0228 5D0C843F 		.word	1065618525
 162 022c FE13843F 		.word	1065620478
 163 0230 9F1B843F 		.word	1065622431
 164 0234 4123843F 		.word	1065624385
 165 0238 E32A843F 		.word	1065626339
 166 023c 8632843F 		.word	1065628294
 167 0240 293A843F 		.word	1065630249
 168 0244 CC41843F 		.word	1065632204
 169 0248 7049843F 		.word	1065634160
 170 024c 1551843F 		.word	1065636117
 171 0250 B958843F 		.word	1065638073
 172 0254 5F60843F 		.word	1065640031
 173 0258 0468843F 		.word	1065641988
ARM GAS  /var/folders/hl/qgbwny5j0fd895c2c41bk3tw0000gp/T//ccyzFrem.s 			page 4


 174 025c AA6F843F 		.word	1065643946
 175 0260 5177843F 		.word	1065645905
 176 0264 F87E843F 		.word	1065647864
 177 0268 9F86843F 		.word	1065649823
 178 026c 478E843F 		.word	1065651783
 179 0270 F095843F 		.word	1065653744
 180 0274 989D843F 		.word	1065655704
 181 0278 42A5843F 		.word	1065657666
 182 027c EBAC843F 		.word	1065659627
 183 0280 95B4843F 		.word	1065661589
 184 0284 40BC843F 		.word	1065663552
 185 0288 EBC3843F 		.word	1065665515
 186 028c 96CB843F 		.word	1065667478
 187 0290 42D3843F 		.word	1065669442
 188 0294 EFDA843F 		.word	1065671407
 189 0298 9BE2843F 		.word	1065673371
 190 029c 49EA843F 		.word	1065675337
 191 02a0 F6F1843F 		.word	1065677302
 192 02a4 A4F9843F 		.word	1065679268
 193 02a8 5301853F 		.word	1065681235
 194 02ac 0209853F 		.word	1065683202
 195 02b0 B110853F 		.word	1065685169
 196 02b4 6118853F 		.word	1065687137
 197 02b8 1220853F 		.word	1065689106
 198 02bc C227853F 		.word	1065691074
 199 02c0 742F853F 		.word	1065693044
 200 02c4 2537853F 		.word	1065695013
 201 02c8 D73E853F 		.word	1065696983
 202 02cc 8A46853F 		.word	1065698954
 203 02d0 3D4E853F 		.word	1065700925
 204 02d4 F055853F 		.word	1065702896
 205 02d8 A45D853F 		.word	1065704868
 206 02dc 5865853F 		.word	1065706840
 207 02e0 0D6D853F 		.word	1065708813
 208 02e4 C274853F 		.word	1065710786
 209 02e8 787C853F 		.word	1065712760
 210 02ec 2E84853F 		.word	1065714734
 211 02f0 E58B853F 		.word	1065716709
 212 02f4 9C93853F 		.word	1065718684
 213 02f8 539B853F 		.word	1065720659
 214 02fc 0BA3853F 		.word	1065722635
 215 0300 C3AA853F 		.word	1065724611
 216 0304 7CB2853F 		.word	1065726588
 217 0308 35BA853F 		.word	1065728565
 218 030c EFC1853F 		.word	1065730543
 219 0310 A9C9853F 		.word	1065732521
 220 0314 64D1853F 		.word	1065734500
 221 0318 1FD9853F 		.word	1065736479
 222 031c DAE0853F 		.word	1065738458
 223 0320 96E8853F 		.word	1065740438
 224 0324 52F0853F 		.word	1065742418
 225 0328 0FF8853F 		.word	1065744399
 226 032c CCFF853F 		.word	1065746380
 227 0330 8A07863F 		.word	1065748362
 228 0334 480F863F 		.word	1065750344
 229 0338 0717863F 		.word	1065752327
 230 033c C61E863F 		.word	1065754310
ARM GAS  /var/folders/hl/qgbwny5j0fd895c2c41bk3tw0000gp/T//ccyzFrem.s 			page 5


 231 0340 8526863F 		.word	1065756293
 232 0344 452E863F 		.word	1065758277
 233 0348 0636863F 		.word	1065760262
 234 034c C73D863F 		.word	1065762247
 235 0350 8845863F 		.word	1065764232
 236 0354 4A4D863F 		.word	1065766218
 237 0358 0C55863F 		.word	1065768204
 238 035c CE5C863F 		.word	1065770190
 239 0360 9164863F 		.word	1065772177
 240 0364 556C863F 		.word	1065774165
 241 0368 1974863F 		.word	1065776153
 242 036c DD7B863F 		.word	1065778141
 243 0370 A283863F 		.word	1065780130
 244 0374 678B863F 		.word	1065782119
 245 0378 2D93863F 		.word	1065784109
 246 037c F39A863F 		.word	1065786099
 247 0380 BAA2863F 		.word	1065788090
 248 0384 81AA863F 		.word	1065790081
 249 0388 49B2863F 		.word	1065792073
 250 038c 11BA863F 		.word	1065794065
 251 0390 D9C1863F 		.word	1065796057
 252 0394 A2C9863F 		.word	1065798050
 253 0398 6BD1863F 		.word	1065800043
 254 039c 35D9863F 		.word	1065802037
 255 03a0 FFE0863F 		.word	1065804031
 256 03a4 CAE8863F 		.word	1065806026
 257 03a8 95F0863F 		.word	1065808021
 258 03ac 61F8863F 		.word	1065810017
 259 03b0 2D00873F 		.word	1065812013
 260 03b4 F907873F 		.word	1065814009
 261 03b8 C60F873F 		.word	1065816006
 262 03bc 9417873F 		.word	1065818004
 263 03c0 621F873F 		.word	1065820002
 264 03c4 3027873F 		.word	1065822000
 265 03c8 FF2E873F 		.word	1065823999
 266 03cc CE36873F 		.word	1065825998
 267 03d0 9E3E873F 		.word	1065827998
 268 03d4 6E46873F 		.word	1065829998
 269 03d8 3E4E873F 		.word	1065831998
 270 03dc 0F56873F 		.word	1065833999
 271 03e0 E15D873F 		.word	1065836001
 272 03e4 B365873F 		.word	1065838003
 273 03e8 856D873F 		.word	1065840005
 274 03ec 5875873F 		.word	1065842008
 275 03f0 2B7D873F 		.word	1065844011
 276 03f4 FF84873F 		.word	1065846015
 277 03f8 D38C873F 		.word	1065848019
 278 03fc A894873F 		.word	1065850024
 279 0400 00000000 		.space	4
 280              		.section	.rodata._ZN6stmlib20lut_pitch_ratio_highE,"a"
 281              		.align	2
 284              	_ZN6stmlib20lut_pitch_ratio_highE:
 285 0000 1845213A 		.word	975258904
 286 0004 08DC2A3A 		.word	975887368
 287 0008 F304353A 		.word	976553203
 288 000c 87C83F3A 		.word	977258631
 289 0010 F52F4B3A 		.word	978006005
ARM GAS  /var/folders/hl/qgbwny5j0fd895c2c41bk3tw0000gp/T//ccyzFrem.s 			page 6


 290 0014 FD44573A 		.word	978797821
 291 0018 F011643A 		.word	979636720
 292 001c BFA1713A 		.word	980525503
 293 0020 0000803A 		.word	981467136
 294 0024 7D9C873A 		.word	981965949
 295 0028 D6AC8F3A 		.word	982494422
 296 002c F037983A 		.word	983054320
 297 0030 1845A13A 		.word	983647512
 298 0034 08DCAA3A 		.word	984275976
 299 0038 F304B53A 		.word	984941811
 300 003c 87C8BF3A 		.word	985647239
 301 0040 F52FCB3A 		.word	986394613
 302 0044 FD44D73A 		.word	987186429
 303 0048 F011E43A 		.word	988025328
 304 004c BFA1F13A 		.word	988914111
 305 0050 0000003B 		.word	989855744
 306 0054 7D9C073B 		.word	990354557
 307 0058 D6AC0F3B 		.word	990883030
 308 005c F037183B 		.word	991442928
 309 0060 1845213B 		.word	992036120
 310 0064 08DC2A3B 		.word	992664584
 311 0068 F304353B 		.word	993330419
 312 006c 87C83F3B 		.word	994035847
 313 0070 F52F4B3B 		.word	994783221
 314 0074 FD44573B 		.word	995575037
 315 0078 F011643B 		.word	996413936
 316 007c BFA1713B 		.word	997302719
 317 0080 0000803B 		.word	998244352
 318 0084 7D9C873B 		.word	998743165
 319 0088 D6AC8F3B 		.word	999271638
 320 008c F037983B 		.word	999831536
 321 0090 1845A13B 		.word	1000424728
 322 0094 08DCAA3B 		.word	1001053192
 323 0098 F304B53B 		.word	1001719027
 324 009c 87C8BF3B 		.word	1002424455
 325 00a0 F52FCB3B 		.word	1003171829
 326 00a4 FD44D73B 		.word	1003963645
 327 00a8 F011E43B 		.word	1004802544
 328 00ac BFA1F13B 		.word	1005691327
 329 00b0 0000003C 		.word	1006632960
 330 00b4 7D9C073C 		.word	1007131773
 331 00b8 D6AC0F3C 		.word	1007660246
 332 00bc F037183C 		.word	1008220144
 333 00c0 1845213C 		.word	1008813336
 334 00c4 08DC2A3C 		.word	1009441800
 335 00c8 F304353C 		.word	1010107635
 336 00cc 87C83F3C 		.word	1010813063
 337 00d0 F52F4B3C 		.word	1011560437
 338 00d4 FD44573C 		.word	1012352253
 339 00d8 F011643C 		.word	1013191152
 340 00dc BFA1713C 		.word	1014079935
 341 00e0 0000803C 		.word	1015021568
 342 00e4 7D9C873C 		.word	1015520381
 343 00e8 D6AC8F3C 		.word	1016048854
 344 00ec F037983C 		.word	1016608752
 345 00f0 1845A13C 		.word	1017201944
 346 00f4 08DCAA3C 		.word	1017830408
ARM GAS  /var/folders/hl/qgbwny5j0fd895c2c41bk3tw0000gp/T//ccyzFrem.s 			page 7


 347 00f8 F304B53C 		.word	1018496243
 348 00fc 87C8BF3C 		.word	1019201671
 349 0100 F52FCB3C 		.word	1019949045
 350 0104 FD44D73C 		.word	1020740861
 351 0108 F011E43C 		.word	1021579760
 352 010c BFA1F13C 		.word	1022468543
 353 0110 0000003D 		.word	1023410176
 354 0114 7D9C073D 		.word	1023908989
 355 0118 D6AC0F3D 		.word	1024437462
 356 011c F037183D 		.word	1024997360
 357 0120 1845213D 		.word	1025590552
 358 0124 08DC2A3D 		.word	1026219016
 359 0128 F304353D 		.word	1026884851
 360 012c 87C83F3D 		.word	1027590279
 361 0130 F52F4B3D 		.word	1028337653
 362 0134 FD44573D 		.word	1029129469
 363 0138 F011643D 		.word	1029968368
 364 013c BFA1713D 		.word	1030857151
 365 0140 0000803D 		.word	1031798784
 366 0144 7D9C873D 		.word	1032297597
 367 0148 D6AC8F3D 		.word	1032826070
 368 014c F037983D 		.word	1033385968
 369 0150 1845A13D 		.word	1033979160
 370 0154 08DCAA3D 		.word	1034607624
 371 0158 F304B53D 		.word	1035273459
 372 015c 87C8BF3D 		.word	1035978887
 373 0160 F52FCB3D 		.word	1036726261
 374 0164 FD44D73D 		.word	1037518077
 375 0168 F011E43D 		.word	1038356976
 376 016c BFA1F13D 		.word	1039245759
 377 0170 0000003E 		.word	1040187392
 378 0174 7D9C073E 		.word	1040686205
 379 0178 D6AC0F3E 		.word	1041214678
 380 017c F037183E 		.word	1041774576
 381 0180 1845213E 		.word	1042367768
 382 0184 08DC2A3E 		.word	1042996232
 383 0188 F304353E 		.word	1043662067
 384 018c 87C83F3E 		.word	1044367495
 385 0190 F52F4B3E 		.word	1045114869
 386 0194 FD44573E 		.word	1045906685
 387 0198 F011643E 		.word	1046745584
 388 019c BFA1713E 		.word	1047634367
 389 01a0 0000803E 		.word	1048576000
 390 01a4 7D9C873E 		.word	1049074813
 391 01a8 D6AC8F3E 		.word	1049603286
 392 01ac F037983E 		.word	1050163184
 393 01b0 1845A13E 		.word	1050756376
 394 01b4 08DCAA3E 		.word	1051384840
 395 01b8 F304B53E 		.word	1052050675
 396 01bc 87C8BF3E 		.word	1052756103
 397 01c0 F52FCB3E 		.word	1053503477
 398 01c4 FD44D73E 		.word	1054295293
 399 01c8 F011E43E 		.word	1055134192
 400 01cc BFA1F13E 		.word	1056022975
 401 01d0 0000003F 		.word	1056964608
 402 01d4 7D9C073F 		.word	1057463421
 403 01d8 D6AC0F3F 		.word	1057991894
ARM GAS  /var/folders/hl/qgbwny5j0fd895c2c41bk3tw0000gp/T//ccyzFrem.s 			page 8


 404 01dc F037183F 		.word	1058551792
 405 01e0 1845213F 		.word	1059144984
 406 01e4 08DC2A3F 		.word	1059773448
 407 01e8 F304353F 		.word	1060439283
 408 01ec 87C83F3F 		.word	1061144711
 409 01f0 F52F4B3F 		.word	1061892085
 410 01f4 FD44573F 		.word	1062683901
 411 01f8 F011643F 		.word	1063522800
 412 01fc BFA1713F 		.word	1064411583
 413 0200 0000803F 		.word	1065353216
 414 0204 7D9C873F 		.word	1065852029
 415 0208 D6AC8F3F 		.word	1066380502
 416 020c F037983F 		.word	1066940400
 417 0210 1845A13F 		.word	1067533592
 418 0214 08DCAA3F 		.word	1068162056
 419 0218 F304B53F 		.word	1068827891
 420 021c 87C8BF3F 		.word	1069533319
 421 0220 F52FCB3F 		.word	1070280693
 422 0224 FD44D73F 		.word	1071072509
 423 0228 F011E43F 		.word	1071911408
 424 022c BFA1F13F 		.word	1072800191
 425 0230 00000040 		.word	1073741824
 426 0234 7D9C0740 		.word	1074240637
 427 0238 D6AC0F40 		.word	1074769110
 428 023c F0371840 		.word	1075329008
 429 0240 18452140 		.word	1075922200
 430 0244 08DC2A40 		.word	1076550664
 431 0248 F3043540 		.word	1077216499
 432 024c 87C83F40 		.word	1077921927
 433 0250 F52F4B40 		.word	1078669301
 434 0254 FD445740 		.word	1079461117
 435 0258 F0116440 		.word	1080300016
 436 025c BFA17140 		.word	1081188799
 437 0260 00008040 		.word	1082130432
 438 0264 7D9C8740 		.word	1082629245
 439 0268 D6AC8F40 		.word	1083157718
 440 026c F0379840 		.word	1083717616
 441 0270 1845A140 		.word	1084310808
 442 0274 08DCAA40 		.word	1084939272
 443 0278 F304B540 		.word	1085605107
 444 027c 87C8BF40 		.word	1086310535
 445 0280 F52FCB40 		.word	1087057909
 446 0284 FD44D740 		.word	1087849725
 447 0288 F011E440 		.word	1088688624
 448 028c BFA1F140 		.word	1089577407
 449 0290 00000041 		.word	1090519040
 450 0294 7D9C0741 		.word	1091017853
 451 0298 D6AC0F41 		.word	1091546326
 452 029c F0371841 		.word	1092106224
 453 02a0 18452141 		.word	1092699416
 454 02a4 08DC2A41 		.word	1093327880
 455 02a8 F3043541 		.word	1093993715
 456 02ac 87C83F41 		.word	1094699143
 457 02b0 F52F4B41 		.word	1095446517
 458 02b4 FD445741 		.word	1096238333
 459 02b8 F0116441 		.word	1097077232
 460 02bc BFA17141 		.word	1097966015
ARM GAS  /var/folders/hl/qgbwny5j0fd895c2c41bk3tw0000gp/T//ccyzFrem.s 			page 9


 461 02c0 00008041 		.word	1098907648
 462 02c4 7D9C8741 		.word	1099406461
 463 02c8 D6AC8F41 		.word	1099934934
 464 02cc F0379841 		.word	1100494832
 465 02d0 1845A141 		.word	1101088024
 466 02d4 08DCAA41 		.word	1101716488
 467 02d8 F304B541 		.word	1102382323
 468 02dc 87C8BF41 		.word	1103087751
 469 02e0 F52FCB41 		.word	1103835125
 470 02e4 FD44D741 		.word	1104626941
 471 02e8 F011E441 		.word	1105465840
 472 02ec BFA1F141 		.word	1106354623
 473 02f0 00000042 		.word	1107296256
 474 02f4 7D9C0742 		.word	1107795069
 475 02f8 D6AC0F42 		.word	1108323542
 476 02fc F0371842 		.word	1108883440
 477 0300 18452142 		.word	1109476632
 478 0304 08DC2A42 		.word	1110105096
 479 0308 F3043542 		.word	1110770931
 480 030c 87C83F42 		.word	1111476359
 481 0310 F52F4B42 		.word	1112223733
 482 0314 FD445742 		.word	1113015549
 483 0318 F0116442 		.word	1113854448
 484 031c BFA17142 		.word	1114743231
 485 0320 00008042 		.word	1115684864
 486 0324 7D9C8742 		.word	1116183677
 487 0328 D6AC8F42 		.word	1116712150
 488 032c F0379842 		.word	1117272048
 489 0330 1845A142 		.word	1117865240
 490 0334 08DCAA42 		.word	1118493704
 491 0338 F304B542 		.word	1119159539
 492 033c 87C8BF42 		.word	1119864967
 493 0340 F52FCB42 		.word	1120612341
 494 0344 FD44D742 		.word	1121404157
 495 0348 F011E442 		.word	1122243056
 496 034c BFA1F142 		.word	1123131839
 497 0350 00000043 		.word	1124073472
 498 0354 7D9C0743 		.word	1124572285
 499 0358 D6AC0F43 		.word	1125100758
 500 035c F0371843 		.word	1125660656
 501 0360 18452143 		.word	1126253848
 502 0364 08DC2A43 		.word	1126882312
 503 0368 F3043543 		.word	1127548147
 504 036c 87C83F43 		.word	1128253575
 505 0370 F52F4B43 		.word	1129000949
 506 0374 FD445743 		.word	1129792765
 507 0378 F0116443 		.word	1130631664
 508 037c BFA17143 		.word	1131520447
 509 0380 00008043 		.word	1132462080
 510 0384 7D9C8743 		.word	1132960893
 511 0388 D6AC8F43 		.word	1133489366
 512 038c F0379843 		.word	1134049264
 513 0390 1845A143 		.word	1134642456
 514 0394 08DCAA43 		.word	1135270920
 515 0398 F304B543 		.word	1135936755
 516 039c 87C8BF43 		.word	1136642183
 517 03a0 F52FCB43 		.word	1137389557
ARM GAS  /var/folders/hl/qgbwny5j0fd895c2c41bk3tw0000gp/T//ccyzFrem.s 			page 10


 518 03a4 FD44D743 		.word	1138181373
 519 03a8 F011E443 		.word	1139020272
 520 03ac BFA1F143 		.word	1139909055
 521 03b0 00000044 		.word	1140850688
 522 03b4 7D9C0744 		.word	1141349501
 523 03b8 D6AC0F44 		.word	1141877974
 524 03bc F0371844 		.word	1142437872
 525 03c0 18452144 		.word	1143031064
 526 03c4 08DC2A44 		.word	1143659528
 527 03c8 F3043544 		.word	1144325363
 528 03cc 87C83F44 		.word	1145030791
 529 03d0 F52F4B44 		.word	1145778165
 530 03d4 FD445744 		.word	1146569981
 531 03d8 F0116444 		.word	1147408880
 532 03dc BFA17144 		.word	1148297663
 533 03e0 00008044 		.word	1149239296
 534 03e4 7D9C8744 		.word	1149738109
 535 03e8 D6AC8F44 		.word	1150266582
 536 03ec F0379844 		.word	1150826480
 537 03f0 1845A144 		.word	1151419672
 538 03f4 08DCAA44 		.word	1152048136
 539 03f8 F304B544 		.word	1152713971
 540 03fc 87C8BF44 		.word	1153419399
 541 0400 00000000 		.space	4
 542              		.text
 543              	.Letext0:
 544              		.file 1 "/opt/homebrew/Cellar/arm-none-eabi-gcc/10.3-2021.07/gcc/arm-none-eabi/include/machine/_de
 545              		.file 2 "/opt/homebrew/Cellar/arm-none-eabi-gcc/10.3-2021.07/gcc/arm-none-eabi/include/sys/_stdint
 546              		.file 3 "../../libDaisy/Drivers/CMSIS/Device/ST/STM32H7xx/Include/stm32h7xx.h"
 547              		.file 4 "/opt/homebrew/Cellar/arm-none-eabi-gcc/10.3-2021.07/gcc/arm-none-eabi/include/c++/10.3.1/
 548              		.file 5 "/opt/homebrew/Cellar/arm-none-eabi-gcc/10.3-2021.07/gcc/arm-none-eabi/include/c++/10.3.1/
 549              		.file 6 "/opt/homebrew/Cellar/arm-none-eabi-gcc/10.3-2021.07/gcc/arm-none-eabi/include/c++/10.3.1/
 550              		.file 7 "/opt/homebrew/Cellar/arm-none-eabi-gcc/10.3-2021.07/gcc/arm-none-eabi/include/c++/10.3.1/
 551              		.file 8 "/opt/homebrew/Cellar/arm-none-eabi-gcc/10.3-2021.07/gcc/arm-none-eabi/include/math.h"
 552              		.file 9 "/opt/homebrew/Cellar/arm-none-eabi-gcc/10.3-2021.07/gcc/arm-none-eabi/include/c++/10.3.1/
 553              		.file 10 "../../libDaisy/Drivers/STM32H7xx_HAL_Driver/Inc/stm32h7xx_hal_comp.h"
 554              		.file 11 "../../libDaisy/Drivers/STM32H7xx_HAL_Driver/Inc/stm32h7xx_hal.h"
 555              		.file 12 "../../stmlib/stmlib.h"
 556              		.file 13 "../../stmlib/dsp/units.h"
 557              		.file 14 "../../stmlib/dsp/units.cc"
 558              		.file 15 "<built-in>"
ARM GAS  /var/folders/hl/qgbwny5j0fd895c2c41bk3tw0000gp/T//ccyzFrem.s 			page 11


DEFINED SYMBOLS
                            *ABS*:0000000000000000 units.cc
/var/folders/hl/qgbwny5j0fd895c2c41bk3tw0000gp/T//ccyzFrem.s:22     .rodata._ZN6stmlib19lut_pitch_ratio_lowE:0000000000000000 _ZN6stmlib19lut_pitch_ratio_lowE
/var/folders/hl/qgbwny5j0fd895c2c41bk3tw0000gp/T//ccyzFrem.s:284    .rodata._ZN6stmlib20lut_pitch_ratio_highE:0000000000000000 _ZN6stmlib20lut_pitch_ratio_highE
/var/folders/hl/qgbwny5j0fd895c2c41bk3tw0000gp/T//ccyzFrem.s:19     .rodata._ZN6stmlib19lut_pitch_ratio_lowE:0000000000000000 $d
/var/folders/hl/qgbwny5j0fd895c2c41bk3tw0000gp/T//ccyzFrem.s:281    .rodata._ZN6stmlib20lut_pitch_ratio_highE:0000000000000000 $d

NO UNDEFINED SYMBOLS
