ARM GAS  /var/folders/hl/qgbwny5j0fd895c2c41bk3tw0000gp/T//ccHKzuM6.s 			page 1


   1              		.cpu cortex-m7
   2              		.eabi_attribute 28, 1
   3              		.eabi_attribute 20, 1
   4              		.eabi_attribute 21, 1
   5              		.eabi_attribute 23, 3
   6              		.eabi_attribute 24, 1
   7              		.eabi_attribute 25, 1
   8              		.eabi_attribute 26, 1
   9              		.eabi_attribute 30, 2
  10              		.eabi_attribute 34, 1
  11              		.eabi_attribute 18, 4
  12              		.file	"particulate.cpp"
  13              		.text
  14              	.Ltext0:
  15              		.cfi_sections	.debug_frame
  16              		.section	.text._ZN5daisy8patch_sm12DaisyPatchSMD2Ev,"axG",%progbits,_ZN5daisy8patch_sm12DaisyPatch
  17              		.align	1
  18              		.p2align 2,,3
  19              		.weak	_ZN5daisy8patch_sm12DaisyPatchSMD2Ev
  20              		.arch armv7e-m
  21              		.syntax unified
  22              		.thumb
  23              		.thumb_func
  24              		.fpu fpv5-d16
  26              	_ZN5daisy8patch_sm12DaisyPatchSMD2Ev:
  27              	.LVL0:
  28              	.LFB2529:
  29              		.file 1 "../../libDaisy//src/daisy_patch_sm.h"
   1:../../libDaisy//src/daisy_patch_sm.h **** #pragma once
   2:../../libDaisy//src/daisy_patch_sm.h **** 
   3:../../libDaisy//src/daisy_patch_sm.h **** #include "daisy.h"
   4:../../libDaisy//src/daisy_patch_sm.h **** 
   5:../../libDaisy//src/daisy_patch_sm.h **** namespace daisy
   6:../../libDaisy//src/daisy_patch_sm.h **** {
   7:../../libDaisy//src/daisy_patch_sm.h **** namespace patch_sm
   8:../../libDaisy//src/daisy_patch_sm.h **** {
   9:../../libDaisy//src/daisy_patch_sm.h ****     /** Accessors for the Analog Controls. 
  10:../../libDaisy//src/daisy_patch_sm.h ****      *  These cover the 8x Bipolar CV inputs
  11:../../libDaisy//src/daisy_patch_sm.h ****      *  as well as the 4x 0-3V3 ADC inputs on
  12:../../libDaisy//src/daisy_patch_sm.h ****      *  the hardware 
  13:../../libDaisy//src/daisy_patch_sm.h ****      * 
  14:../../libDaisy//src/daisy_patch_sm.h ****      *  When reading a value with DaisyPatchSM::GetAdcValue()
  15:../../libDaisy//src/daisy_patch_sm.h ****      * 
  16:../../libDaisy//src/daisy_patch_sm.h ****      *  patch.GetAdcValue(patch_sm::CV_1);
  17:../../libDaisy//src/daisy_patch_sm.h ****      */
  18:../../libDaisy//src/daisy_patch_sm.h ****     enum
  19:../../libDaisy//src/daisy_patch_sm.h ****     {
  20:../../libDaisy//src/daisy_patch_sm.h ****         CV_1 = 0,
  21:../../libDaisy//src/daisy_patch_sm.h ****         CV_2,
  22:../../libDaisy//src/daisy_patch_sm.h ****         CV_3,
  23:../../libDaisy//src/daisy_patch_sm.h ****         CV_4,
  24:../../libDaisy//src/daisy_patch_sm.h ****         CV_5,
  25:../../libDaisy//src/daisy_patch_sm.h ****         CV_6,
  26:../../libDaisy//src/daisy_patch_sm.h ****         CV_7,
  27:../../libDaisy//src/daisy_patch_sm.h ****         CV_8,
  28:../../libDaisy//src/daisy_patch_sm.h ****         ADC_9,
  29:../../libDaisy//src/daisy_patch_sm.h ****         ADC_10,
ARM GAS  /var/folders/hl/qgbwny5j0fd895c2c41bk3tw0000gp/T//ccHKzuM6.s 			page 2


  30:../../libDaisy//src/daisy_patch_sm.h ****         ADC_11,
  31:../../libDaisy//src/daisy_patch_sm.h ****         ADC_12,
  32:../../libDaisy//src/daisy_patch_sm.h ****         ADC_LAST,
  33:../../libDaisy//src/daisy_patch_sm.h ****     };
  34:../../libDaisy//src/daisy_patch_sm.h **** 
  35:../../libDaisy//src/daisy_patch_sm.h ****     /** Enum for addressing the CV Outputs via the WriteCvOut function. */
  36:../../libDaisy//src/daisy_patch_sm.h ****     enum
  37:../../libDaisy//src/daisy_patch_sm.h ****     {
  38:../../libDaisy//src/daisy_patch_sm.h ****         CV_OUT_BOTH = 0,
  39:../../libDaisy//src/daisy_patch_sm.h ****         CV_OUT_1,
  40:../../libDaisy//src/daisy_patch_sm.h ****         CV_OUT_2,
  41:../../libDaisy//src/daisy_patch_sm.h ****     };
  42:../../libDaisy//src/daisy_patch_sm.h **** 
  43:../../libDaisy//src/daisy_patch_sm.h **** 
  44:../../libDaisy//src/daisy_patch_sm.h ****     /** @brief Board support file for DaisyPatchSM hardware
  45:../../libDaisy//src/daisy_patch_sm.h ****      *  @author shensley
  46:../../libDaisy//src/daisy_patch_sm.h ****      *  @ingroup boards
  47:../../libDaisy//src/daisy_patch_sm.h ****      * 
  48:../../libDaisy//src/daisy_patch_sm.h ****      *  Daisy Patch SM is a complete Eurorack module DSP engine.
  49:../../libDaisy//src/daisy_patch_sm.h ****      *  Based on the Daisy Seed, with circuits added for 
  50:../../libDaisy//src/daisy_patch_sm.h ****      *  interfacing directly with eurorack modular synthesizers.
  51:../../libDaisy//src/daisy_patch_sm.h ****      */
  52:../../libDaisy//src/daisy_patch_sm.h ****     class DaisyPatchSM
  53:../../libDaisy//src/daisy_patch_sm.h ****     {
  54:../../libDaisy//src/daisy_patch_sm.h ****       public:
  55:../../libDaisy//src/daisy_patch_sm.h ****         /** Helper for mapping pins, and accessing them using the `GetPin` function */
  56:../../libDaisy//src/daisy_patch_sm.h ****         enum class PinBank
  57:../../libDaisy//src/daisy_patch_sm.h ****         {
  58:../../libDaisy//src/daisy_patch_sm.h ****             A,
  59:../../libDaisy//src/daisy_patch_sm.h ****             B,
  60:../../libDaisy//src/daisy_patch_sm.h ****             C,
  61:../../libDaisy//src/daisy_patch_sm.h ****             D
  62:../../libDaisy//src/daisy_patch_sm.h ****         };
  63:../../libDaisy//src/daisy_patch_sm.h **** 
  64:../../libDaisy//src/daisy_patch_sm.h ****         DaisyPatchSM() {}
  65:../../libDaisy//src/daisy_patch_sm.h ****         ~DaisyPatchSM() {}
  30              		.loc 1 65 9 view -0
  31              		.cfi_startproc
  32              		@ args = 0, pretend = 0, frame = 0
  33              		@ frame_needed = 0, uses_anonymous_args = 0
  34              		@ link register save eliminated.
  35              	.LBB112:
  36              	.LBI112:
  37              		.file 2 "../../libDaisy//src/hid/gatein.h"
   1:../../libDaisy//src/hid/gatein.h **** #pragma once
   2:../../libDaisy//src/hid/gatein.h **** #ifndef DSY_GATEIN_H
   3:../../libDaisy//src/hid/gatein.h **** #define DSY_GATEIN_H
   4:../../libDaisy//src/hid/gatein.h **** #include "per/gpio.h"
   5:../../libDaisy//src/hid/gatein.h **** 
   6:../../libDaisy//src/hid/gatein.h **** namespace daisy
   7:../../libDaisy//src/hid/gatein.h **** {
   8:../../libDaisy//src/hid/gatein.h **** /**
   9:../../libDaisy//src/hid/gatein.h ****    @brief Generic Class for handling gate inputs through GPIO.
  10:../../libDaisy//src/hid/gatein.h ****    @author Stephen Hensley
  11:../../libDaisy//src/hid/gatein.h ****    @date    March 2020
  12:../../libDaisy//src/hid/gatein.h ****    @ingroup controls
  13:../../libDaisy//src/hid/gatein.h **** */
ARM GAS  /var/folders/hl/qgbwny5j0fd895c2c41bk3tw0000gp/T//ccHKzuM6.s 			page 3


  14:../../libDaisy//src/hid/gatein.h **** class GateIn
  15:../../libDaisy//src/hid/gatein.h **** {
  16:../../libDaisy//src/hid/gatein.h ****   public:
  17:../../libDaisy//src/hid/gatein.h ****     /** GateIn 
  18:../../libDaisy//src/hid/gatein.h ****     Constructor 
  19:../../libDaisy//src/hid/gatein.h ****     */
  20:../../libDaisy//src/hid/gatein.h ****     GateIn() {}
  21:../../libDaisy//src/hid/gatein.h ****     /** GateIn~
  22:../../libDaisy//src/hid/gatein.h ****     Destructor 
  23:../../libDaisy//src/hid/gatein.h ****     */
  24:../../libDaisy//src/hid/gatein.h ****     ~GateIn() {}
  38              		.loc 2 24 5 view .LVU1
  39              		.loc 2 24 5 is_stmt 0 view .LVU2
  40              	.LBE112:
  41              	.LBB113:
  42              	.LBI113:
  43              		.loc 2 24 5 is_stmt 1 view .LVU3
  44              		.loc 2 24 5 is_stmt 0 view .LVU4
  45              	.LBE113:
  46              	.LBB114:
  47              	.LBI114:
  48              		.file 3 "../../libDaisy//src/dev/codec_pcm3060.h"
   1:../../libDaisy//src/dev/codec_pcm3060.h **** #pragma once
   2:../../libDaisy//src/dev/codec_pcm3060.h **** #ifndef DSY_CODEC_PCM3060_H
   3:../../libDaisy//src/dev/codec_pcm3060.h **** #define DSY_CODEC_PCM3060_H
   4:../../libDaisy//src/dev/codec_pcm3060.h **** #include "per/i2c.h"
   5:../../libDaisy//src/dev/codec_pcm3060.h **** namespace daisy
   6:../../libDaisy//src/dev/codec_pcm3060.h **** {
   7:../../libDaisy//src/dev/codec_pcm3060.h **** /**
   8:../../libDaisy//src/dev/codec_pcm3060.h ****  * @brief Driver for the TI PCM3060 Audio Codec.
   9:../../libDaisy//src/dev/codec_pcm3060.h ****  * @addtogroup codec
  10:../../libDaisy//src/dev/codec_pcm3060.h ****  * 
  11:../../libDaisy//src/dev/codec_pcm3060.h ****  * For now this is a limited interface that uses I2C to communicate with the PCM3060
  12:../../libDaisy//src/dev/codec_pcm3060.h ****  * The device can also be accessed with SPI, which is not yet supported.
  13:../../libDaisy//src/dev/codec_pcm3060.h ****  * 
  14:../../libDaisy//src/dev/codec_pcm3060.h ****  * For now all registers are set to their defaults, and the Init function will 
  15:../../libDaisy//src/dev/codec_pcm3060.h ****  * perform a MRST and SRST before setting the format to 24bit LJ, and disabling 
  16:../../libDaisy//src/dev/codec_pcm3060.h ****  * power save for both the ADC and DAC.
  17:../../libDaisy//src/dev/codec_pcm3060.h ****  *
  18:../../libDaisy//src/dev/codec_pcm3060.h ****  */
  19:../../libDaisy//src/dev/codec_pcm3060.h **** class Pcm3060
  20:../../libDaisy//src/dev/codec_pcm3060.h **** {
  21:../../libDaisy//src/dev/codec_pcm3060.h ****   public:
  22:../../libDaisy//src/dev/codec_pcm3060.h ****     enum class Result
  23:../../libDaisy//src/dev/codec_pcm3060.h ****     {
  24:../../libDaisy//src/dev/codec_pcm3060.h ****         OK,
  25:../../libDaisy//src/dev/codec_pcm3060.h ****         ERR,
  26:../../libDaisy//src/dev/codec_pcm3060.h ****     };
  27:../../libDaisy//src/dev/codec_pcm3060.h **** 
  28:../../libDaisy//src/dev/codec_pcm3060.h ****     Pcm3060() {}
  29:../../libDaisy//src/dev/codec_pcm3060.h ****     ~Pcm3060() {}
  49              		.loc 3 29 5 is_stmt 1 view .LVU5
  50              		.loc 3 29 5 is_stmt 0 view .LVU6
  51              	.LBE114:
  52              	.LBB115:
  53              	.LBI115:
  54              		.file 4 "../../libDaisy//src/hid/usb.h"
ARM GAS  /var/folders/hl/qgbwny5j0fd895c2c41bk3tw0000gp/T//ccHKzuM6.s 			page 4


   1:../../libDaisy//src/hid/usb.h **** #pragma once
   2:../../libDaisy//src/hid/usb.h **** #ifndef DSY_HID_USB_H
   3:../../libDaisy//src/hid/usb.h **** #define DSY_HID_USB_H
   4:../../libDaisy//src/hid/usb.h **** #include <stdint.h>
   5:../../libDaisy//src/hid/usb.h **** #include <stdlib.h>
   6:../../libDaisy//src/hid/usb.h **** 
   7:../../libDaisy//src/hid/usb.h **** namespace daisy
   8:../../libDaisy//src/hid/usb.h **** /** @addtogroup human_interface
   9:../../libDaisy//src/hid/usb.h ****     @{
  10:../../libDaisy//src/hid/usb.h **** */
  11:../../libDaisy//src/hid/usb.h **** 
  12:../../libDaisy//src/hid/usb.h **** {
  13:../../libDaisy//src/hid/usb.h **** /** 
  14:../../libDaisy//src/hid/usb.h ****     @brief Interface for initializing and using the USB Peripherals on the daisy
  15:../../libDaisy//src/hid/usb.h ****     @author Stephen Hensley
  16:../../libDaisy//src/hid/usb.h ****     @date December 2019
  17:../../libDaisy//src/hid/usb.h **** */
  18:../../libDaisy//src/hid/usb.h **** class UsbHandle
  19:../../libDaisy//src/hid/usb.h **** {
  20:../../libDaisy//src/hid/usb.h ****   public:
  21:../../libDaisy//src/hid/usb.h ****     /** Return values for USBHandle Functions */
  22:../../libDaisy//src/hid/usb.h ****     enum class Result
  23:../../libDaisy//src/hid/usb.h ****     {
  24:../../libDaisy//src/hid/usb.h ****         OK,
  25:../../libDaisy//src/hid/usb.h ****         ERR,
  26:../../libDaisy//src/hid/usb.h ****     };
  27:../../libDaisy//src/hid/usb.h **** 
  28:../../libDaisy//src/hid/usb.h ****     /** Specified which of the two USB Peripherals to initialize. */
  29:../../libDaisy//src/hid/usb.h ****     enum UsbPeriph
  30:../../libDaisy//src/hid/usb.h ****     {
  31:../../libDaisy//src/hid/usb.h ****         FS_INTERNAL, /**< Internal pin */
  32:../../libDaisy//src/hid/usb.h ****         FS_EXTERNAL, /**< FS External D+ pin is Pin 38 (GPIO32). FS External D- pin is Pin 37 (GPIO
  33:../../libDaisy//src/hid/usb.h ****         FS_BOTH,     /**< Both */
  34:../../libDaisy//src/hid/usb.h ****     };
  35:../../libDaisy//src/hid/usb.h **** 
  36:../../libDaisy//src/hid/usb.h **** 
  37:../../libDaisy//src/hid/usb.h ****     /** Function called upon reception of a buffer */
  38:../../libDaisy//src/hid/usb.h ****     typedef void (*ReceiveCallback)(uint8_t* buff, uint32_t* len);
  39:../../libDaisy//src/hid/usb.h **** 
  40:../../libDaisy//src/hid/usb.h ****     UsbHandle() {}
  41:../../libDaisy//src/hid/usb.h **** 
  42:../../libDaisy//src/hid/usb.h ****     ~UsbHandle() {}
  55              		.loc 4 42 5 is_stmt 1 view .LVU7
  56              		.loc 4 42 5 is_stmt 0 view .LVU8
  57              	.LBE115:
  58              	.LBB116:
  59              	.LBI116:
  60              		.file 5 "../../libDaisy//src/per/adc.h"
   1:../../libDaisy//src/per/adc.h **** #pragma once
   2:../../libDaisy//src/per/adc.h **** #ifndef DSY_ADC_H
   3:../../libDaisy//src/per/adc.h **** #define DSY_ADC_H /**< Macro */
   4:../../libDaisy//src/per/adc.h **** #include <stdint.h>
   5:../../libDaisy//src/per/adc.h **** #include <stdlib.h>
   6:../../libDaisy//src/per/adc.h **** #include "daisy_core.h"
   7:../../libDaisy//src/per/adc.h **** #include "per/gpio.h"
   8:../../libDaisy//src/per/adc.h **** 
   9:../../libDaisy//src/per/adc.h **** #define DSY_ADC_MAX_CHANNELS 16 /**< Maximum number of ADC channels */
ARM GAS  /var/folders/hl/qgbwny5j0fd895c2c41bk3tw0000gp/T//ccHKzuM6.s 			page 5


  10:../../libDaisy//src/per/adc.h **** 
  11:../../libDaisy//src/per/adc.h **** namespace daisy
  12:../../libDaisy//src/per/adc.h **** {
  13:../../libDaisy//src/per/adc.h **** /** @addtogroup per_analog
  14:../../libDaisy//src/per/adc.h ****     @{
  15:../../libDaisy//src/per/adc.h **** */
  16:../../libDaisy//src/per/adc.h **** 
  17:../../libDaisy//src/per/adc.h **** /* While there may not be many configuration options here,
  18:../../libDaisy//src/per/adc.h **** using a struct like this allows us to add more configuration
  19:../../libDaisy//src/per/adc.h **** later without breaking existing functionality.
  20:../../libDaisy//src/per/adc.h **** */
  21:../../libDaisy//src/per/adc.h **** 
  22:../../libDaisy//src/per/adc.h **** /** @brief   Configuration Structure for an ADC Channel 
  23:../../libDaisy//src/per/adc.h ****  *  @details This can be used to configure a a single input, 
  24:../../libDaisy//src/per/adc.h ****  *           or a multiplexed input, allowing up to 8 inputs on 
  25:../../libDaisy//src/per/adc.h ****  *           one channel.
  26:../../libDaisy//src/per/adc.h ****  *  @note    Sharing data lines to multiple muxes _is_ possible, but
  27:../../libDaisy//src/per/adc.h ****  *           each channel sharing data lines must be set to the maximum
  28:../../libDaisy//src/per/adc.h ****  *           number of channels, even if some multiplexers have fewer
  29:../../libDaisy//src/per/adc.h ****  *           inputs connected.
  30:../../libDaisy//src/per/adc.h **** */
  31:../../libDaisy//src/per/adc.h **** struct AdcChannelConfig
  32:../../libDaisy//src/per/adc.h **** {
  33:../../libDaisy//src/per/adc.h ****     /** Which pin to use for multiplexing */
  34:../../libDaisy//src/per/adc.h ****     enum MuxPin
  35:../../libDaisy//src/per/adc.h ****     {
  36:../../libDaisy//src/per/adc.h ****         MUX_SEL_0,    /**< & */
  37:../../libDaisy//src/per/adc.h ****         MUX_SEL_1,    /**< & */
  38:../../libDaisy//src/per/adc.h ****         MUX_SEL_2,    /**< & */
  39:../../libDaisy//src/per/adc.h ****         MUX_SEL_LAST, /**< & */
  40:../../libDaisy//src/per/adc.h ****     };
  41:../../libDaisy//src/per/adc.h **** 
  42:../../libDaisy//src/per/adc.h ****     /** Initializes a single ADC pin as an ADC. 
  43:../../libDaisy//src/per/adc.h ****     \param pin Pin to init.
  44:../../libDaisy//src/per/adc.h ****      */
  45:../../libDaisy//src/per/adc.h ****     void InitSingle(dsy_gpio_pin pin);
  46:../../libDaisy//src/per/adc.h **** 
  47:../../libDaisy//src/per/adc.h ****     /** 
  48:../../libDaisy//src/per/adc.h ****     Initializes a single ADC pin as a Multiplexed ADC.
  49:../../libDaisy//src/per/adc.h ****     Requires a CD405X Multiplexer connected to the pin.
  50:../../libDaisy//src/per/adc.h ****     You only need to supply the mux pins that are required,
  51:../../libDaisy//src/per/adc.h ****     e.g. a 4052 mux would only require mux_0 and mux_1.
  52:../../libDaisy//src/per/adc.h ****     Internal Callbacks handle the pin addressing.
  53:../../libDaisy//src/per/adc.h ****     \param mux_channels must be 1-8
  54:../../libDaisy//src/per/adc.h ****     \param mux_0 First mux pin
  55:../../libDaisy//src/per/adc.h ****     \param mux_1 Second mux pin
  56:../../libDaisy//src/per/adc.h ****     \param mux_2 Third mux pin
  57:../../libDaisy//src/per/adc.h ****     \param adc_pin &
  58:../../libDaisy//src/per/adc.h ****     */
  59:../../libDaisy//src/per/adc.h ****     void InitMux(dsy_gpio_pin adc_pin,
  60:../../libDaisy//src/per/adc.h ****                  size_t       mux_channels,
  61:../../libDaisy//src/per/adc.h ****                  dsy_gpio_pin mux_0,
  62:../../libDaisy//src/per/adc.h ****                  dsy_gpio_pin mux_1 = {DSY_GPIOX, 0},
  63:../../libDaisy//src/per/adc.h ****                  dsy_gpio_pin mux_2 = {DSY_GPIOX, 0});
  64:../../libDaisy//src/per/adc.h **** 
  65:../../libDaisy//src/per/adc.h ****     dsy_gpio pin_;                   /**< & */
  66:../../libDaisy//src/per/adc.h ****     dsy_gpio mux_pin_[MUX_SEL_LAST]; /**< & */
ARM GAS  /var/folders/hl/qgbwny5j0fd895c2c41bk3tw0000gp/T//ccHKzuM6.s 			page 6


  67:../../libDaisy//src/per/adc.h ****     uint8_t  mux_channels_;          /**< & */
  68:../../libDaisy//src/per/adc.h **** };
  69:../../libDaisy//src/per/adc.h **** 
  70:../../libDaisy//src/per/adc.h **** /**
  71:../../libDaisy//src/per/adc.h ****    @brief Handler for analog to digital conversion
  72:../../libDaisy//src/per/adc.h **** */
  73:../../libDaisy//src/per/adc.h **** class AdcHandle
  74:../../libDaisy//src/per/adc.h **** {
  75:../../libDaisy//src/per/adc.h ****   public:
  76:../../libDaisy//src/per/adc.h ****     /** Supported oversampling amounts */
  77:../../libDaisy//src/per/adc.h ****     enum OverSampling
  78:../../libDaisy//src/per/adc.h ****     {
  79:../../libDaisy//src/per/adc.h ****         OVS_NONE, /**< & */
  80:../../libDaisy//src/per/adc.h ****         OVS_4,    /**< & */
  81:../../libDaisy//src/per/adc.h ****         OVS_8,    /**< & */
  82:../../libDaisy//src/per/adc.h ****         OVS_16,   /**< & */
  83:../../libDaisy//src/per/adc.h ****         OVS_32,   /**< & */
  84:../../libDaisy//src/per/adc.h ****         OVS_64,   /**< & */
  85:../../libDaisy//src/per/adc.h ****         OVS_128,  /**< & */
  86:../../libDaisy//src/per/adc.h ****         OVS_256,  /**< & */
  87:../../libDaisy//src/per/adc.h ****         OVS_512,  /**< & */
  88:../../libDaisy//src/per/adc.h ****         OVS_1024, /**< & */
  89:../../libDaisy//src/per/adc.h ****         OVS_LAST, /**< & */
  90:../../libDaisy//src/per/adc.h ****     };
  91:../../libDaisy//src/per/adc.h **** 
  92:../../libDaisy//src/per/adc.h ****     AdcHandle() {}
  93:../../libDaisy//src/per/adc.h ****     ~AdcHandle() {}
  61              		.loc 5 93 5 is_stmt 1 view .LVU9
  62              		.loc 5 93 5 is_stmt 0 view .LVU10
  63              	.LBE116:
  64              	.LBB117:
  65              	.LBI117:
  66              		.file 6 "../../libDaisy//src/hid/audio.h"
   1:../../libDaisy//src/hid/audio.h **** #ifndef DSY_AUDIO_H
   2:../../libDaisy//src/hid/audio.h **** #define DSY_AUDIO_H /**< & */
   3:../../libDaisy//src/hid/audio.h **** 
   4:../../libDaisy//src/hid/audio.h **** #include "per/sai.h"
   5:../../libDaisy//src/hid/audio.h **** 
   6:../../libDaisy//src/hid/audio.h **** namespace daisy
   7:../../libDaisy//src/hid/audio.h **** {
   8:../../libDaisy//src/hid/audio.h **** /** @brief Audio Engine Handle
   9:../../libDaisy//src/hid/audio.h ****  *  @ingroup audio 
  10:../../libDaisy//src/hid/audio.h ****  *  @details This class allows for higher level access to an audio engine.
  11:../../libDaisy//src/hid/audio.h ****  *           If you're using a SOM like the DaisySeed or DaisyPatchSM (or any 
  12:../../libDaisy//src/hid/audio.h ****  *            board that includes one of those objects) then the intialization
  13:../../libDaisy//src/hid/audio.h ****  *            is already taken  care of.
  14:../../libDaisy//src/hid/audio.h ****  *           If you're setting up your own custom hardware, or need to make changes
  15:../../libDaisy//src/hid/audio.h ****  *           you will have to take the following steps:
  16:../../libDaisy//src/hid/audio.h ****  *             1. Create and Initialize an SaiHandle or two depending on your requirements
  17:../../libDaisy//src/hid/audio.h ****  *             2. Initialize the Audio Handle with the desired settings and the Initialized SaiHand
  18:../../libDaisy//src/hid/audio.h ****  *             3. If the connected codec requires special configuration or initialization, do so
  19:../../libDaisy//src/hid/audio.h ****  *             4. Write a callback method using either the AudioCallback or the InterleavingAudioCa
  20:../../libDaisy//src/hid/audio.h ****  *             5. Start the Audio using one of the StartAudio function
  21:../../libDaisy//src/hid/audio.h ****  */
  22:../../libDaisy//src/hid/audio.h **** class AudioHandle
  23:../../libDaisy//src/hid/audio.h **** {
  24:../../libDaisy//src/hid/audio.h ****   public:
ARM GAS  /var/folders/hl/qgbwny5j0fd895c2c41bk3tw0000gp/T//ccHKzuM6.s 			page 7


  25:../../libDaisy//src/hid/audio.h ****     /** Manually configurable details about the Audio Engine */
  26:../../libDaisy//src/hid/audio.h ****     /** TODO: Figure out how to get samplerate in here. */
  27:../../libDaisy//src/hid/audio.h ****     struct Config
  28:../../libDaisy//src/hid/audio.h ****     {
  29:../../libDaisy//src/hid/audio.h ****         /** number of samples to process per callback */
  30:../../libDaisy//src/hid/audio.h ****         size_t blocksize;
  31:../../libDaisy//src/hid/audio.h **** 
  32:../../libDaisy//src/hid/audio.h ****         /**< Sample rate of audio */
  33:../../libDaisy//src/hid/audio.h ****         SaiHandle::Config::SampleRate samplerate;
  34:../../libDaisy//src/hid/audio.h **** 
  35:../../libDaisy//src/hid/audio.h ****         /** factor for adjustment before and after callback for hardware that may have extra headro
  36:../../libDaisy//src/hid/audio.h ****         float postgain;
  37:../../libDaisy//src/hid/audio.h **** 
  38:../../libDaisy//src/hid/audio.h ****         /** factor for additional one-sided compensation to audio path for hardware that may
  39:../../libDaisy//src/hid/audio.h ****          *  have unequal input/output ranges
  40:../../libDaisy//src/hid/audio.h ****          */
  41:../../libDaisy//src/hid/audio.h ****         float output_compensation;
  42:../../libDaisy//src/hid/audio.h **** 
  43:../../libDaisy//src/hid/audio.h ****         /** Sets default values for config struct */
  44:../../libDaisy//src/hid/audio.h ****         Config()
  45:../../libDaisy//src/hid/audio.h ****         : blocksize(48),
  46:../../libDaisy//src/hid/audio.h ****           samplerate(SaiHandle::Config::SampleRate::SAI_48KHZ),
  47:../../libDaisy//src/hid/audio.h ****           postgain(1.f),
  48:../../libDaisy//src/hid/audio.h ****           output_compensation(1.f)
  49:../../libDaisy//src/hid/audio.h ****         {
  50:../../libDaisy//src/hid/audio.h ****         }
  51:../../libDaisy//src/hid/audio.h ****     };
  52:../../libDaisy//src/hid/audio.h **** 
  53:../../libDaisy//src/hid/audio.h ****     enum class Result
  54:../../libDaisy//src/hid/audio.h ****     {
  55:../../libDaisy//src/hid/audio.h ****         OK,
  56:../../libDaisy//src/hid/audio.h ****         ERR,
  57:../../libDaisy//src/hid/audio.h ****     };
  58:../../libDaisy//src/hid/audio.h **** 
  59:../../libDaisy//src/hid/audio.h ****     /** Non-Interleaving input buffer
  60:../../libDaisy//src/hid/audio.h ****      * Buffer arranged by float[chn][sample] 
  61:../../libDaisy//src/hid/audio.h ****      * const so that the user can't modify the input
  62:../../libDaisy//src/hid/audio.h ****      */
  63:../../libDaisy//src/hid/audio.h ****     typedef const float* const* InputBuffer;
  64:../../libDaisy//src/hid/audio.h **** 
  65:../../libDaisy//src/hid/audio.h ****     /** Non-Interleaving output buffer
  66:../../libDaisy//src/hid/audio.h ****      * Arranged by float[chn][sample] 
  67:../../libDaisy//src/hid/audio.h ****      */
  68:../../libDaisy//src/hid/audio.h ****     typedef float** OutputBuffer;
  69:../../libDaisy//src/hid/audio.h **** 
  70:../../libDaisy//src/hid/audio.h ****     /** Type for a Non-Interleaving audio callback 
  71:../../libDaisy//src/hid/audio.h ****      * Non-Interleaving audio callbacks in daisy will be of this type
  72:../../libDaisy//src/hid/audio.h ****      */
  73:../../libDaisy//src/hid/audio.h ****     typedef void (*AudioCallback)(InputBuffer  in,
  74:../../libDaisy//src/hid/audio.h ****                                   OutputBuffer out,
  75:../../libDaisy//src/hid/audio.h ****                                   size_t       size);
  76:../../libDaisy//src/hid/audio.h **** 
  77:../../libDaisy//src/hid/audio.h ****     /** Interleaving Input buffer
  78:../../libDaisy//src/hid/audio.h ****      ** audio is prepared as { L0, R0, L1, R1, . . . LN, RN }]
  79:../../libDaisy//src/hid/audio.h ****      ** this is const, as the user shouldn't modify it
  80:../../libDaisy//src/hid/audio.h ****     */
  81:../../libDaisy//src/hid/audio.h ****     typedef const float* InterleavingInputBuffer;
ARM GAS  /var/folders/hl/qgbwny5j0fd895c2c41bk3tw0000gp/T//ccHKzuM6.s 			page 8


  82:../../libDaisy//src/hid/audio.h **** 
  83:../../libDaisy//src/hid/audio.h ****     /** Interleaving Output buffer 
  84:../../libDaisy//src/hid/audio.h ****      ** audio is prepared as { L0, R0, L1, R1, . . . LN, RN }
  85:../../libDaisy//src/hid/audio.h ****     */
  86:../../libDaisy//src/hid/audio.h ****     typedef float* InterleavingOutputBuffer;
  87:../../libDaisy//src/hid/audio.h **** 
  88:../../libDaisy//src/hid/audio.h ****     /** Interleaving Audio Callback 
  89:../../libDaisy//src/hid/audio.h ****      * Interleaving audio callbacks in daisy must be of this type
  90:../../libDaisy//src/hid/audio.h ****      */
  91:../../libDaisy//src/hid/audio.h ****     typedef void (*InterleavingAudioCallback)(InterleavingInputBuffer  in,
  92:../../libDaisy//src/hid/audio.h ****                                               InterleavingOutputBuffer out,
  93:../../libDaisy//src/hid/audio.h ****                                               size_t                   size);
  94:../../libDaisy//src/hid/audio.h **** 
  95:../../libDaisy//src/hid/audio.h ****     AudioHandle() : pimpl_(nullptr) {}
  96:../../libDaisy//src/hid/audio.h ****     ~AudioHandle() {}
  67              		.loc 6 96 5 is_stmt 1 view .LVU11
  68              		.loc 6 96 5 is_stmt 0 view .LVU12
  69              	.LBE117:
  70              	.LBB118:
  71              	.LBI118:
  72              		.file 7 "../../libDaisy//src/sys/system.h"
   1:../../libDaisy//src/sys/system.h **** #ifndef DSY_SYSTEM_H
   2:../../libDaisy//src/sys/system.h **** #define DSY_SYSTEM_H
   3:../../libDaisy//src/sys/system.h **** 
   4:../../libDaisy//src/sys/system.h **** #ifndef UNIT_TEST // for unit tests, a dummy implementation is provided below
   5:../../libDaisy//src/sys/system.h **** 
   6:../../libDaisy//src/sys/system.h **** #include <cstdint>
   7:../../libDaisy//src/sys/system.h **** #include "per/tim.h"
   8:../../libDaisy//src/sys/system.h **** 
   9:../../libDaisy//src/sys/system.h **** namespace daisy
  10:../../libDaisy//src/sys/system.h **** {
  11:../../libDaisy//src/sys/system.h **** /** A handle for interacting with the Core System. 
  12:../../libDaisy//src/sys/system.h ****  ** This includes the Clock tree, MPU, global DMA initialization,
  13:../../libDaisy//src/sys/system.h ****  ** cache handling, and any other necessary global initiailzation
  14:../../libDaisy//src/sys/system.h ****  **
  15:../../libDaisy//src/sys/system.h ****  ** @author shensley
  16:../../libDaisy//src/sys/system.h ****  ** @ingroup system
  17:../../libDaisy//src/sys/system.h ****  */
  18:../../libDaisy//src/sys/system.h **** class System
  19:../../libDaisy//src/sys/system.h **** {
  20:../../libDaisy//src/sys/system.h ****   public:
  21:../../libDaisy//src/sys/system.h ****     /** Contains settings for initializing the System */
  22:../../libDaisy//src/sys/system.h ****     struct Config
  23:../../libDaisy//src/sys/system.h ****     {
  24:../../libDaisy//src/sys/system.h ****         /** Specifies the system clock frequency that feeds APB/AHB clocks, etc. */
  25:../../libDaisy//src/sys/system.h ****         enum class SysClkFreq
  26:../../libDaisy//src/sys/system.h ****         {
  27:../../libDaisy//src/sys/system.h ****             FREQ_400MHZ,
  28:../../libDaisy//src/sys/system.h ****             FREQ_480MHZ,
  29:../../libDaisy//src/sys/system.h ****         };
  30:../../libDaisy//src/sys/system.h **** 
  31:../../libDaisy//src/sys/system.h ****         /** Method to call on the struct to set to defaults
  32:../../libDaisy//src/sys/system.h ****          ** CPU Freq set to 400MHz
  33:../../libDaisy//src/sys/system.h ****          ** Cache Enabled 
  34:../../libDaisy//src/sys/system.h ****          ** */
  35:../../libDaisy//src/sys/system.h ****         void Defaults()
  36:../../libDaisy//src/sys/system.h ****         {
ARM GAS  /var/folders/hl/qgbwny5j0fd895c2c41bk3tw0000gp/T//ccHKzuM6.s 			page 9


  37:../../libDaisy//src/sys/system.h ****             cpu_freq    = SysClkFreq::FREQ_400MHZ;
  38:../../libDaisy//src/sys/system.h ****             use_dcache  = true;
  39:../../libDaisy//src/sys/system.h ****             use_icache  = true;
  40:../../libDaisy//src/sys/system.h ****             skip_clocks = false;
  41:../../libDaisy//src/sys/system.h ****         }
  42:../../libDaisy//src/sys/system.h **** 
  43:../../libDaisy//src/sys/system.h ****         /** Method to call on the struct to set to boost mode:
  44:../../libDaisy//src/sys/system.h ****          ** CPU Freq set to 480MHz
  45:../../libDaisy//src/sys/system.h ****          ** Cache Enabled 
  46:../../libDaisy//src/sys/system.h ****          ** */
  47:../../libDaisy//src/sys/system.h ****         void Boost()
  48:../../libDaisy//src/sys/system.h ****         {
  49:../../libDaisy//src/sys/system.h ****             cpu_freq    = SysClkFreq::FREQ_480MHZ;
  50:../../libDaisy//src/sys/system.h ****             use_dcache  = true;
  51:../../libDaisy//src/sys/system.h ****             use_icache  = true;
  52:../../libDaisy//src/sys/system.h ****             skip_clocks = false;
  53:../../libDaisy//src/sys/system.h ****         }
  54:../../libDaisy//src/sys/system.h **** 
  55:../../libDaisy//src/sys/system.h ****         SysClkFreq cpu_freq;
  56:../../libDaisy//src/sys/system.h ****         bool       use_dcache;
  57:../../libDaisy//src/sys/system.h ****         bool       use_icache;
  58:../../libDaisy//src/sys/system.h ****         bool       skip_clocks;
  59:../../libDaisy//src/sys/system.h ****     };
  60:../../libDaisy//src/sys/system.h **** 
  61:../../libDaisy//src/sys/system.h ****     /** Describes the different regions of memory available to the Daisy
  62:../../libDaisy//src/sys/system.h ****      * 
  63:../../libDaisy//src/sys/system.h ****      */
  64:../../libDaisy//src/sys/system.h ****     enum MemoryRegion
  65:../../libDaisy//src/sys/system.h ****     {
  66:../../libDaisy//src/sys/system.h ****         INTERNAL_FLASH = 0,
  67:../../libDaisy//src/sys/system.h ****         ITCMRAM,
  68:../../libDaisy//src/sys/system.h ****         DTCMRAM,
  69:../../libDaisy//src/sys/system.h ****         SRAM_D1,
  70:../../libDaisy//src/sys/system.h ****         SRAM_D2,
  71:../../libDaisy//src/sys/system.h ****         SRAM_D3,
  72:../../libDaisy//src/sys/system.h ****         SDRAM,
  73:../../libDaisy//src/sys/system.h ****         QSPI,
  74:../../libDaisy//src/sys/system.h ****         INVALID_ADDRESS,
  75:../../libDaisy//src/sys/system.h ****     };
  76:../../libDaisy//src/sys/system.h **** 
  77:../../libDaisy//src/sys/system.h ****     System() {}
  78:../../libDaisy//src/sys/system.h ****     ~System() {}
  73              		.loc 7 78 5 is_stmt 1 view .LVU13
  74              		.loc 7 78 5 is_stmt 0 view .LVU14
  75              	.LBE118:
  76              		.loc 1 65 26 view .LVU15
  77 0000 7047     		bx	lr
  78              		.cfi_endproc
  79              	.LFE2529:
  81              		.weak	_ZN5daisy8patch_sm12DaisyPatchSMD1Ev
  82              		.thumb_set _ZN5daisy8patch_sm12DaisyPatchSMD1Ev,_ZN5daisy8patch_sm12DaisyPatchSMD2Ev
  83 0002 00BF     		.section	.text._Z13AudioCallbackPKPKfPPfj,"ax",%progbits
  84              		.align	1
  85              		.p2align 2,,3
  86              		.global	_Z13AudioCallbackPKPKfPPfj
  87              		.syntax unified
  88              		.thumb
ARM GAS  /var/folders/hl/qgbwny5j0fd895c2c41bk3tw0000gp/T//ccHKzuM6.s 			page 10


  89              		.thumb_func
  90              		.fpu fpv5-d16
  92              	_Z13AudioCallbackPKPKfPPfj:
  93              	.LVL1:
  94              	.LFB5060:
  95              		.file 8 "particulate.cpp"
   1:particulate.cpp **** #include "daisy_patch_sm.h"
   2:particulate.cpp **** #include "daisysp.h"
   3:particulate.cpp **** #include "granular_processor.h"
   4:particulate.cpp **** 
   5:particulate.cpp **** using namespace daisy;
   6:particulate.cpp **** using namespace patch_sm;
   7:particulate.cpp **** using namespace daisysp;
   8:particulate.cpp **** 
   9:particulate.cpp **** DaisyPatchSM hw;
  10:particulate.cpp **** 
  11:particulate.cpp **** void AudioCallback(AudioHandle::InputBuffer in, AudioHandle::OutputBuffer out, size_t size)
  12:particulate.cpp **** {
  96              		.loc 8 12 1 is_stmt 1 view -0
  97              		.cfi_startproc
  98              		@ args = 0, pretend = 0, frame = 0
  99              		@ frame_needed = 0, uses_anonymous_args = 0
  13:particulate.cpp **** 	hw.ProcessAllControls();
 100              		.loc 8 13 2 view .LVU17
 101              	.LBB119:
 102              	.LBI119:
  66:../../libDaisy//src/daisy_patch_sm.h **** 
  67:../../libDaisy//src/daisy_patch_sm.h ****         /** Initializes the memories, and core peripherals for the Daisy Patch SM */
  68:../../libDaisy//src/daisy_patch_sm.h ****         void Init();
  69:../../libDaisy//src/daisy_patch_sm.h **** 
  70:../../libDaisy//src/daisy_patch_sm.h ****         /** Starts a non-interleaving audio callback */
  71:../../libDaisy//src/daisy_patch_sm.h ****         void StartAudio(AudioHandle::AudioCallback cb);
  72:../../libDaisy//src/daisy_patch_sm.h **** 
  73:../../libDaisy//src/daisy_patch_sm.h ****         /** Starts an interleaving audio callback */
  74:../../libDaisy//src/daisy_patch_sm.h ****         void StartAudio(AudioHandle::InterleavingAudioCallback cb);
  75:../../libDaisy//src/daisy_patch_sm.h **** 
  76:../../libDaisy//src/daisy_patch_sm.h ****         /** Changes the callback that is executing.
  77:../../libDaisy//src/daisy_patch_sm.h ****          *  This may cause clicks if done while audio is processing.
  78:../../libDaisy//src/daisy_patch_sm.h ****          */
  79:../../libDaisy//src/daisy_patch_sm.h ****         void ChangeAudioCallback(AudioHandle::AudioCallback cb);
  80:../../libDaisy//src/daisy_patch_sm.h **** 
  81:../../libDaisy//src/daisy_patch_sm.h ****         /** Changes the callback that is executing.
  82:../../libDaisy//src/daisy_patch_sm.h ****          *  This may cause clicks if done while audio is processing.
  83:../../libDaisy//src/daisy_patch_sm.h ****          */
  84:../../libDaisy//src/daisy_patch_sm.h ****         void ChangeAudioCallback(AudioHandle::InterleavingAudioCallback cb);
  85:../../libDaisy//src/daisy_patch_sm.h **** 
  86:../../libDaisy//src/daisy_patch_sm.h ****         /** Stops the transmission of audio. */
  87:../../libDaisy//src/daisy_patch_sm.h ****         void StopAudio();
  88:../../libDaisy//src/daisy_patch_sm.h **** 
  89:../../libDaisy//src/daisy_patch_sm.h ****         /** Sets the number of samples processed in an audio callback. 
  90:../../libDaisy//src/daisy_patch_sm.h ****          *  This will only take effect on the next invocation of `StartAudio`
  91:../../libDaisy//src/daisy_patch_sm.h ****          */
  92:../../libDaisy//src/daisy_patch_sm.h ****         void SetAudioBlockSize(size_t size);
  93:../../libDaisy//src/daisy_patch_sm.h **** 
  94:../../libDaisy//src/daisy_patch_sm.h ****         /** Sets the samplerate for the audio engine 
  95:../../libDaisy//src/daisy_patch_sm.h ****          *  This will set it to the closest valid samplerate. Options being:
  96:../../libDaisy//src/daisy_patch_sm.h ****          *  8kHz, 16kHz, 32kHz, 48kHz, and 96kHz
ARM GAS  /var/folders/hl/qgbwny5j0fd895c2c41bk3tw0000gp/T//ccHKzuM6.s 			page 11


  97:../../libDaisy//src/daisy_patch_sm.h ****          */
  98:../../libDaisy//src/daisy_patch_sm.h ****         void SetAudioSampleRate(float sr);
  99:../../libDaisy//src/daisy_patch_sm.h **** 
 100:../../libDaisy//src/daisy_patch_sm.h ****         void SetAudioSampleRate(SaiHandle::Config::SampleRate sample_rate);
 101:../../libDaisy//src/daisy_patch_sm.h **** 
 102:../../libDaisy//src/daisy_patch_sm.h ****         /** Returns the number of samples processed in an audio callback */
 103:../../libDaisy//src/daisy_patch_sm.h ****         size_t AudioBlockSize();
 104:../../libDaisy//src/daisy_patch_sm.h **** 
 105:../../libDaisy//src/daisy_patch_sm.h ****         /** Returns the audio engine's samplerate in Hz */
 106:../../libDaisy//src/daisy_patch_sm.h ****         float AudioSampleRate();
 107:../../libDaisy//src/daisy_patch_sm.h **** 
 108:../../libDaisy//src/daisy_patch_sm.h ****         /** Returns the rate at which the audio callback will be called in Hz */
 109:../../libDaisy//src/daisy_patch_sm.h ****         float AudioCallbackRate();
 110:../../libDaisy//src/daisy_patch_sm.h **** 
 111:../../libDaisy//src/daisy_patch_sm.h ****         /** Starts the Control ADCs 
 112:../../libDaisy//src/daisy_patch_sm.h ****          * 
 113:../../libDaisy//src/daisy_patch_sm.h ****          *  This is started automatically when Init() is called.
 114:../../libDaisy//src/daisy_patch_sm.h ****          */
 115:../../libDaisy//src/daisy_patch_sm.h ****         void StartAdc();
 116:../../libDaisy//src/daisy_patch_sm.h **** 
 117:../../libDaisy//src/daisy_patch_sm.h ****         /** Stops the Control ADCs */
 118:../../libDaisy//src/daisy_patch_sm.h ****         void StopAdc();
 119:../../libDaisy//src/daisy_patch_sm.h **** 
 120:../../libDaisy//src/daisy_patch_sm.h ****         /** Reads and filters all of the analog control inputs */
 121:../../libDaisy//src/daisy_patch_sm.h ****         void ProcessAnalogControls();
 122:../../libDaisy//src/daisy_patch_sm.h **** 
 123:../../libDaisy//src/daisy_patch_sm.h ****         /** Reads and debounces any of the digital control inputs 
 124:../../libDaisy//src/daisy_patch_sm.h ****          *  This does nothing on this board at this time.
 125:../../libDaisy//src/daisy_patch_sm.h ****          */
 126:../../libDaisy//src/daisy_patch_sm.h ****         void ProcessDigitalControls();
 127:../../libDaisy//src/daisy_patch_sm.h **** 
 128:../../libDaisy//src/daisy_patch_sm.h ****         /** Does both of the above */
 129:../../libDaisy//src/daisy_patch_sm.h ****         void ProcessAllControls()
 103              		.loc 1 129 14 view .LVU18
 104              	.LBB120:
 130:../../libDaisy//src/daisy_patch_sm.h ****         {
 131:../../libDaisy//src/daisy_patch_sm.h ****             ProcessAnalogControls();
 105              		.loc 1 131 13 view .LVU19
 106              	.LBE120:
 107              	.LBE119:
  12:particulate.cpp **** 	hw.ProcessAllControls();
 108              		.loc 8 12 1 is_stmt 0 view .LVU20
 109 0000 F8B5     		push	{r3, r4, r5, r6, r7, lr}
 110              		.cfi_def_cfa_offset 24
 111              		.cfi_offset 3, -24
 112              		.cfi_offset 4, -20
 113              		.cfi_offset 5, -16
 114              		.cfi_offset 6, -12
 115              		.cfi_offset 7, -8
 116              		.cfi_offset 14, -4
  12:particulate.cpp **** 	hw.ProcessAllControls();
 117              		.loc 8 12 1 view .LVU21
 118 0002 1546     		mov	r5, r2
 119 0004 0746     		mov	r7, r0
 120              	.LBB123:
 121              	.LBB121:
 122              		.loc 1 131 34 view .LVU22
ARM GAS  /var/folders/hl/qgbwny5j0fd895c2c41bk3tw0000gp/T//ccHKzuM6.s 			page 12


 123 0006 0C48     		ldr	r0, .L11
 124              	.LVL2:
 125              		.loc 1 131 34 view .LVU23
 126              	.LBE121:
 127              	.LBE123:
  12:particulate.cpp **** 	hw.ProcessAllControls();
 128              		.loc 8 12 1 view .LVU24
 129 0008 0E46     		mov	r6, r1
 130              	.LBB124:
 131              	.LBB122:
 132              		.loc 1 131 34 view .LVU25
 133 000a FFF7FEFF 		bl	_ZN5daisy8patch_sm12DaisyPatchSM21ProcessAnalogControlsEv
 134              	.LVL3:
 132:../../libDaisy//src/daisy_patch_sm.h ****             ProcessDigitalControls();
 135              		.loc 1 132 13 is_stmt 1 view .LVU26
 136              		.loc 1 132 35 is_stmt 0 view .LVU27
 137 000e 0A48     		ldr	r0, .L11
 138 0010 FFF7FEFF 		bl	_ZN5daisy8patch_sm12DaisyPatchSM22ProcessDigitalControlsEv
 139              	.LVL4:
 140              		.loc 1 132 35 view .LVU28
 141              	.LBE122:
 142              	.LBE124:
  14:particulate.cpp **** 	for (size_t i = 0; i < size; i++)
 143              		.loc 8 14 2 is_stmt 1 view .LVU29
 144              	.LBB125:
 145              		.loc 8 14 23 view .LVU30
 146 0014 7DB1     		cbz	r5, .L3
 147 0016 3B68     		ldr	r3, [r7]
 148 0018 3468     		ldr	r4, [r6]
 149 001a 7868     		ldr	r0, [r7, #4]
 150 001c 03EB850C 		add	ip, r3, r5, lsl #2
 151 0020 7168     		ldr	r1, [r6, #4]
 152              	.LVL5:
 153              	.L5:
  15:particulate.cpp **** 	{
  16:particulate.cpp **** 		OUT_L[i] = IN_L[i];
 154              		.loc 8 16 3 discriminator 2 view .LVU31
 155              		.loc 8 16 20 is_stmt 0 discriminator 2 view .LVU32
 156 0022 53F8042B 		ldr	r2, [r3], #4	@ float
 157              		.loc 8 16 12 discriminator 2 view .LVU33
 158 0026 44F8042B 		str	r2, [r4], #4	@ float
  17:particulate.cpp **** 		OUT_R[i] = IN_R[i];
 159              		.loc 8 17 3 is_stmt 1 discriminator 2 view .LVU34
  14:particulate.cpp **** 	for (size_t i = 0; i < size; i++)
 160              		.loc 8 14 23 is_stmt 0 discriminator 2 view .LVU35
 161 002a 6345     		cmp	r3, ip
 162              		.loc 8 17 20 discriminator 2 view .LVU36
 163 002c 50F8042B 		ldr	r2, [r0], #4	@ float
 164              		.loc 8 17 12 discriminator 2 view .LVU37
 165 0030 41F8042B 		str	r2, [r1], #4	@ float
  14:particulate.cpp **** 	for (size_t i = 0; i < size; i++)
 166              		.loc 8 14 2 is_stmt 1 discriminator 2 view .LVU38
  14:particulate.cpp **** 	for (size_t i = 0; i < size; i++)
 167              		.loc 8 14 23 discriminator 2 view .LVU39
 168 0034 F5D1     		bne	.L5
 169              	.L3:
 170              	.LBE125:
ARM GAS  /var/folders/hl/qgbwny5j0fd895c2c41bk3tw0000gp/T//ccHKzuM6.s 			page 13


  18:particulate.cpp **** 	}
  19:particulate.cpp **** }
 171              		.loc 8 19 1 is_stmt 0 view .LVU40
 172 0036 F8BD     		pop	{r3, r4, r5, r6, r7, pc}
 173              	.LVL6:
 174              	.L12:
 175              		.loc 8 19 1 view .LVU41
 176              		.align	2
 177              	.L11:
 178 0038 00000000 		.word	.LANCHOR0
 179              		.cfi_endproc
 180              	.LFE5060:
 182              		.section	.text.startup.main,"ax",%progbits
 183              		.align	1
 184              		.p2align 2,,3
 185              		.global	main
 186              		.syntax unified
 187              		.thumb
 188              		.thumb_func
 189              		.fpu fpv5-d16
 191              	main:
 192              	.LFB5061:
  20:particulate.cpp **** 
  21:particulate.cpp **** int main(void)
  22:particulate.cpp **** {
 193              		.loc 8 22 1 is_stmt 1 view -0
 194              		.cfi_startproc
 195              		@ Volatile: function does not return.
 196              		@ args = 0, pretend = 0, frame = 0
 197              		@ frame_needed = 0, uses_anonymous_args = 0
  23:particulate.cpp **** 	hw.Init();
 198              		.loc 8 23 2 view .LVU43
  22:particulate.cpp **** 	hw.Init();
 199              		.loc 8 22 1 is_stmt 0 view .LVU44
 200 0000 08B5     		push	{r3, lr}
 201              		.cfi_def_cfa_offset 8
 202              		.cfi_offset 3, -8
 203              		.cfi_offset 14, -4
 204              		.loc 8 23 9 view .LVU45
 205 0002 0848     		ldr	r0, .L16
 206 0004 FFF7FEFF 		bl	_ZN5daisy8patch_sm12DaisyPatchSM4InitEv
 207              	.LVL7:
  24:particulate.cpp **** 	hw.SetAudioBlockSize(4); // number of samples handled per callback
 208              		.loc 8 24 2 is_stmt 1 view .LVU46
 209              		.loc 8 24 22 is_stmt 0 view .LVU47
 210 0008 0421     		movs	r1, #4
 211 000a 0648     		ldr	r0, .L16
 212 000c FFF7FEFF 		bl	_ZN5daisy8patch_sm12DaisyPatchSM17SetAudioBlockSizeEj
 213              	.LVL8:
  25:particulate.cpp **** 	hw.SetAudioSampleRate(SaiHandle::Config::SampleRate::SAI_48KHZ);
 214              		.loc 8 25 2 is_stmt 1 view .LVU48
 215              		.loc 8 25 23 is_stmt 0 view .LVU49
 216 0010 0321     		movs	r1, #3
 217 0012 0448     		ldr	r0, .L16
 218 0014 FFF7FEFF 		bl	_ZN5daisy8patch_sm12DaisyPatchSM18SetAudioSampleRateENS_9SaiHandle6Config10SampleRateE
 219              	.LVL9:
  26:particulate.cpp **** 	hw.StartAudio(AudioCallback);
ARM GAS  /var/folders/hl/qgbwny5j0fd895c2c41bk3tw0000gp/T//ccHKzuM6.s 			page 14


 220              		.loc 8 26 2 is_stmt 1 view .LVU50
 221              		.loc 8 26 15 is_stmt 0 view .LVU51
 222 0018 0349     		ldr	r1, .L16+4
 223 001a 0248     		ldr	r0, .L16
 224 001c FFF7FEFF 		bl	_ZN5daisy8patch_sm12DaisyPatchSM10StartAudioEPFvPKPKfPPfjE
 225              	.LVL10:
 226              	.L14:
  27:particulate.cpp **** 	while(1) {}
 227              		.loc 8 27 2 is_stmt 1 discriminator 1 view .LVU52
 228              		.loc 8 27 2 discriminator 1 view .LVU53
 229              		.loc 8 27 2 discriminator 1 view .LVU54
 230              		.loc 8 27 2 discriminator 1 view .LVU55
 231 0020 FEE7     		b	.L14
 232              	.L17:
 233 0022 00BF     		.align	2
 234              	.L16:
 235 0024 00000000 		.word	.LANCHOR0
 236 0028 00000000 		.word	_Z13AudioCallbackPKPKfPPfj
 237              		.cfi_endproc
 238              	.LFE5061:
 240              		.section	.text.startup._GLOBAL__sub_I_hw,"ax",%progbits
 241              		.align	1
 242              		.p2align 2,,3
 243              		.syntax unified
 244              		.thumb
 245              		.thumb_func
 246              		.fpu fpv5-d16
 248              	_GLOBAL__sub_I_hw:
 249              	.LFB5795:
  28:particulate.cpp **** }
 250              		.loc 8 28 1 view -0
 251              		.cfi_startproc
 252              		@ args = 0, pretend = 0, frame = 0
 253              		@ frame_needed = 0, uses_anonymous_args = 0
 254              		@ link register save eliminated.
 255              	.LBB154:
 256              	.LBI154:
 257              		.loc 8 28 1 view .LVU57
 258              	.LVL11:
 259              	.LBB155:
 260              	.LBB156:
 261              	.LBI156:
  64:../../libDaisy//src/daisy_patch_sm.h ****         ~DaisyPatchSM() {}
 262              		.loc 1 64 9 view .LVU58
 263              	.LBB157:
 264              	.LBB158:
 265              	.LBI158:
  77:../../libDaisy//src/sys/system.h ****     ~System() {}
 266              		.loc 7 77 5 view .LVU59
  77:../../libDaisy//src/sys/system.h ****     ~System() {}
 267              		.loc 7 77 5 is_stmt 0 view .LVU60
 268              	.LBE158:
 269              	.LBB159:
 270              	.LBI159:
 271              		.file 9 "../../libDaisy//src/per/qspi.h"
   1:../../libDaisy//src/per/qspi.h **** #ifndef DSY_QSPI
   2:../../libDaisy//src/per/qspi.h **** #define DSY_QSPI /**< Macro */
ARM GAS  /var/folders/hl/qgbwny5j0fd895c2c41bk3tw0000gp/T//ccHKzuM6.s 			page 15


   3:../../libDaisy//src/per/qspi.h **** 
   4:../../libDaisy//src/per/qspi.h **** #ifndef UNIT_TEST // for unit tests, a dummy implementation
   5:../../libDaisy//src/per/qspi.h **** 
   6:../../libDaisy//src/per/qspi.h **** #include <cstdint>
   7:../../libDaisy//src/per/qspi.h **** #include "daisy_core.h" // Added for dsy_gpio_pin typedef
   8:../../libDaisy//src/per/qspi.h **** 
   9:../../libDaisy//src/per/qspi.h **** #define DSY_QSPI_TEXT       \
  10:../../libDaisy//src/per/qspi.h ****     __attribute__((section( \
  11:../../libDaisy//src/per/qspi.h ****         ".qspiflash_text"))) /**< used for reading memory in memory_mapped mode. */
  12:../../libDaisy//src/per/qspi.h **** #define DSY_QSPI_DATA       \
  13:../../libDaisy//src/per/qspi.h ****     __attribute__((section( \
  14:../../libDaisy//src/per/qspi.h ****         ".qspiflash_data"))) /**< used for reading memory in memory_mapped mode. */
  15:../../libDaisy//src/per/qspi.h **** #define DSY_QSPI_BSS        \
  16:../../libDaisy//src/per/qspi.h ****     __attribute__((section( \
  17:../../libDaisy//src/per/qspi.h ****         ".qspiflash_bss"))) /**< used for reading memory in memory_mapped mode. */
  18:../../libDaisy//src/per/qspi.h **** 
  19:../../libDaisy//src/per/qspi.h **** namespace daisy
  20:../../libDaisy//src/per/qspi.h **** {
  21:../../libDaisy//src/per/qspi.h **** /** @addtogroup serial
  22:../../libDaisy//src/per/qspi.h **** @{
  23:../../libDaisy//src/per/qspi.h **** */
  24:../../libDaisy//src/per/qspi.h **** 
  25:../../libDaisy//src/per/qspi.h **** /** 
  26:../../libDaisy//src/per/qspi.h ****  Driver for QSPI peripheral to interface with external flash memory. \n 
  27:../../libDaisy//src/per/qspi.h ****     Currently supported QSPI Devices: \n 
  28:../../libDaisy//src/per/qspi.h ****     * IS25LP080D
  29:../../libDaisy//src/per/qspi.h **** */
  30:../../libDaisy//src/per/qspi.h **** class QSPIHandle
  31:../../libDaisy//src/per/qspi.h **** {
  32:../../libDaisy//src/per/qspi.h ****   public:
  33:../../libDaisy//src/per/qspi.h ****     enum Result
  34:../../libDaisy//src/per/qspi.h ****     {
  35:../../libDaisy//src/per/qspi.h ****         OK = 0,
  36:../../libDaisy//src/per/qspi.h ****         ERR
  37:../../libDaisy//src/per/qspi.h ****     };
  38:../../libDaisy//src/per/qspi.h **** 
  39:../../libDaisy//src/per/qspi.h ****     /** Indicates the current status of the module. 
  40:../../libDaisy//src/per/qspi.h ****          *  Warnings are indicated by a leading W.
  41:../../libDaisy//src/per/qspi.h ****          *  Errors are indicated by a leading E and cause an immediate exit.
  42:../../libDaisy//src/per/qspi.h ****          * 
  43:../../libDaisy//src/per/qspi.h ****          *  \param GOOD - No errors have been reported.
  44:../../libDaisy//src/per/qspi.h ****          *  \param E_HAL_ERROR - HAL code did not return HAL_OK.
  45:../../libDaisy//src/per/qspi.h ****          *  \param E_SWITCHING_MODES - An error was encountered while switching QSPI peripheral mod
  46:../../libDaisy//src/per/qspi.h ****          *  \param E_INVALID_MODE - QSPI should not be written to while the program is executing fr
  47:../../libDaisy//src/per/qspi.h ****          */
  48:../../libDaisy//src/per/qspi.h ****     enum Status
  49:../../libDaisy//src/per/qspi.h ****     {
  50:../../libDaisy//src/per/qspi.h ****         GOOD = 0,
  51:../../libDaisy//src/per/qspi.h ****         E_HAL_ERROR,
  52:../../libDaisy//src/per/qspi.h ****         E_SWITCHING_MODES,
  53:../../libDaisy//src/per/qspi.h ****         E_INVALID_MODE,
  54:../../libDaisy//src/per/qspi.h ****     };
  55:../../libDaisy//src/per/qspi.h **** 
  56:../../libDaisy//src/per/qspi.h ****     /** Configuration structure for interfacing with QSPI Driver */
  57:../../libDaisy//src/per/qspi.h ****     struct Config
  58:../../libDaisy//src/per/qspi.h ****     {
  59:../../libDaisy//src/per/qspi.h ****         /** Flash Devices supported. (Both of these are more-or-less the same, just different sizes
ARM GAS  /var/folders/hl/qgbwny5j0fd895c2c41bk3tw0000gp/T//ccHKzuM6.s 			page 16


  60:../../libDaisy//src/per/qspi.h ****         enum Device
  61:../../libDaisy//src/per/qspi.h ****         {
  62:../../libDaisy//src/per/qspi.h ****             IS25LP080D,  /**< & */
  63:../../libDaisy//src/per/qspi.h ****             IS25LP064A,  /**< & */
  64:../../libDaisy//src/per/qspi.h ****             DEVICE_LAST, /**< & */
  65:../../libDaisy//src/per/qspi.h ****         };
  66:../../libDaisy//src/per/qspi.h **** 
  67:../../libDaisy//src/per/qspi.h ****         /** 
  68:../../libDaisy//src/per/qspi.h ****         Modes of operation.
  69:../../libDaisy//src/per/qspi.h ****         Memory Mapped mode: QSPI configured so that the QSPI can be
  70:../../libDaisy//src/per/qspi.h ****         read from starting address 0x90000000. Writing is not
  71:../../libDaisy//src/per/qspi.h ****         possible in this mode. \n 
  72:../../libDaisy//src/per/qspi.h ****         Indirect Polling mode: Device driver enabled. 
  73:../../libDaisy//src/per/qspi.h ****         */
  74:../../libDaisy//src/per/qspi.h ****         enum Mode
  75:../../libDaisy//src/per/qspi.h ****         {
  76:../../libDaisy//src/per/qspi.h ****             MEMORY_MAPPED,    /**< & */
  77:../../libDaisy//src/per/qspi.h ****             INDIRECT_POLLING, /**< & */
  78:../../libDaisy//src/per/qspi.h ****             MODE_LAST,
  79:../../libDaisy//src/per/qspi.h ****         };
  80:../../libDaisy//src/per/qspi.h **** 
  81:../../libDaisy//src/per/qspi.h ****         //SCK,  CE# (active low)
  82:../../libDaisy//src/per/qspi.h ****         struct
  83:../../libDaisy//src/per/qspi.h ****         {
  84:../../libDaisy//src/per/qspi.h ****             dsy_gpio_pin io0; /**< & */
  85:../../libDaisy//src/per/qspi.h ****             dsy_gpio_pin io1; /**< & */
  86:../../libDaisy//src/per/qspi.h ****             dsy_gpio_pin io2; /**< & */
  87:../../libDaisy//src/per/qspi.h ****             dsy_gpio_pin io3; /**< & */
  88:../../libDaisy//src/per/qspi.h ****             dsy_gpio_pin clk; /**< & */
  89:../../libDaisy//src/per/qspi.h ****             dsy_gpio_pin ncs; /**< & */
  90:../../libDaisy//src/per/qspi.h ****         } pin_config;
  91:../../libDaisy//src/per/qspi.h **** 
  92:../../libDaisy//src/per/qspi.h ****         Device device;
  93:../../libDaisy//src/per/qspi.h ****         Mode   mode;
  94:../../libDaisy//src/per/qspi.h ****     };
  95:../../libDaisy//src/per/qspi.h **** 
  96:../../libDaisy//src/per/qspi.h ****     /** 
  97:../../libDaisy//src/per/qspi.h ****         Initializes QSPI peripheral, and Resets, and prepares memory for access.
  98:../../libDaisy//src/per/qspi.h ****         \param config should be populated with the mode, device and pin_config before calling this 
  99:../../libDaisy//src/per/qspi.h ****         \return Result::OK or Result::ERR
 100:../../libDaisy//src/per/qspi.h ****         */
 101:../../libDaisy//src/per/qspi.h ****     Result Init(const Config& config);
 102:../../libDaisy//src/per/qspi.h **** 
 103:../../libDaisy//src/per/qspi.h ****     /** Returns the current config. */
 104:../../libDaisy//src/per/qspi.h ****     const Config& GetConfig() const;
 105:../../libDaisy//src/per/qspi.h **** 
 106:../../libDaisy//src/per/qspi.h ****     // Couldn't this just be called before anything else in init? That
 107:../../libDaisy//src/per/qspi.h ****     // would make manually calling it unnecessary.
 108:../../libDaisy//src/per/qspi.h ****     /** 
 109:../../libDaisy//src/per/qspi.h ****         Deinitializes the peripheral
 110:../../libDaisy//src/per/qspi.h ****         This should be called before reinitializing QSPI in a different mode.
 111:../../libDaisy//src/per/qspi.h ****         \return Result::OK or Result::ERR
 112:../../libDaisy//src/per/qspi.h ****         */
 113:../../libDaisy//src/per/qspi.h ****     Result DeInit();
 114:../../libDaisy//src/per/qspi.h **** 
 115:../../libDaisy//src/per/qspi.h ****     /** 
 116:../../libDaisy//src/per/qspi.h ****         Writes a single page to to the specified address on the QSPI chip.
ARM GAS  /var/folders/hl/qgbwny5j0fd895c2c41bk3tw0000gp/T//ccHKzuM6.s 			page 17


 117:../../libDaisy//src/per/qspi.h ****         For IS25LP*, page size is 256 bytes.
 118:../../libDaisy//src/per/qspi.h ****         \param address Address to write to
 119:../../libDaisy//src/per/qspi.h ****         \param size Buffer size
 120:../../libDaisy//src/per/qspi.h ****         \param buffer Buffer to write
 121:../../libDaisy//src/per/qspi.h ****         \return Result::OK or Result::ERR
 122:../../libDaisy//src/per/qspi.h ****         */
 123:../../libDaisy//src/per/qspi.h ****     Result WritePage(uint32_t address, uint32_t size, uint8_t* buffer);
 124:../../libDaisy//src/per/qspi.h **** 
 125:../../libDaisy//src/per/qspi.h ****     /** 
 126:../../libDaisy//src/per/qspi.h ****         Writes data in buffer to to the QSPI. Starting at address to address+size 
 127:../../libDaisy//src/per/qspi.h ****         \param address Address to write to
 128:../../libDaisy//src/per/qspi.h ****         \param size Buffer size
 129:../../libDaisy//src/per/qspi.h ****         \param buffer Buffer to write
 130:../../libDaisy//src/per/qspi.h ****         \return Result::OK or Result::ERR
 131:../../libDaisy//src/per/qspi.h ****         */
 132:../../libDaisy//src/per/qspi.h ****     Result Write(uint32_t address, uint32_t size, uint8_t* buffer);
 133:../../libDaisy//src/per/qspi.h **** 
 134:../../libDaisy//src/per/qspi.h ****     /** 
 135:../../libDaisy//src/per/qspi.h ****         Erases the area specified on the chip.
 136:../../libDaisy//src/per/qspi.h ****         Erasures will happen by 4K, 32K or 64K increments.
 137:../../libDaisy//src/per/qspi.h ****         Smallest erase possible is 4kB at a time. (on IS25LP*)
 138:../../libDaisy//src/per/qspi.h ****         \param start_addr Address to begin erasing from
 139:../../libDaisy//src/per/qspi.h ****         \param end_addr  Address to stop erasing at
 140:../../libDaisy//src/per/qspi.h ****         \return Result::OK or Result::ERR
 141:../../libDaisy//src/per/qspi.h ****         */
 142:../../libDaisy//src/per/qspi.h ****     Result Erase(uint32_t start_addr, uint32_t end_addr);
 143:../../libDaisy//src/per/qspi.h **** 
 144:../../libDaisy//src/per/qspi.h ****     /**  
 145:../../libDaisy//src/per/qspi.h ****          Erases a single sector of the chip.  
 146:../../libDaisy//src/per/qspi.h ****         TODO: Document the size of this function. 
 147:../../libDaisy//src/per/qspi.h ****         \param address Address of sector to erase
 148:../../libDaisy//src/per/qspi.h ****         \return Result::OK or Result::ERR
 149:../../libDaisy//src/per/qspi.h ****         */
 150:../../libDaisy//src/per/qspi.h ****     Result EraseSector(uint32_t address);
 151:../../libDaisy//src/per/qspi.h **** 
 152:../../libDaisy//src/per/qspi.h ****     /** Returns the current class status. Useful for debugging.
 153:../../libDaisy//src/per/qspi.h ****      *  \returns Status
 154:../../libDaisy//src/per/qspi.h ****      */
 155:../../libDaisy//src/per/qspi.h ****     Status GetStatus();
 156:../../libDaisy//src/per/qspi.h **** 
 157:../../libDaisy//src/per/qspi.h ****     /** Returns a pointer to the actual memory used 
 158:../../libDaisy//src/per/qspi.h ****      *  The memory at this address is read-only
 159:../../libDaisy//src/per/qspi.h ****      *  to write to it use the Write function.
 160:../../libDaisy//src/per/qspi.h ****      * 
 161:../../libDaisy//src/per/qspi.h ****      *  \param offset returns the pointer starting this 
 162:../../libDaisy//src/per/qspi.h ****      *                many bytes into the memory
 163:../../libDaisy//src/per/qspi.h ****     */
 164:../../libDaisy//src/per/qspi.h ****     void* GetData(uint32_t offset = 0);
 165:../../libDaisy//src/per/qspi.h **** 
 166:../../libDaisy//src/per/qspi.h ****     QSPIHandle() : pimpl_(nullptr) {}
 272              		.loc 9 166 5 is_stmt 1 view .LVU61
 273              	.LBB160:
 274              	.LBB161:
 275              		.loc 9 166 34 is_stmt 0 view .LVU62
 276 0000 0448     		ldr	r0, .L19
 277 0002 0023     		movs	r3, #0
 278              	.LBE161:
ARM GAS  /var/folders/hl/qgbwny5j0fd895c2c41bk3tw0000gp/T//ccHKzuM6.s 			page 18


 279              	.LBE160:
 280              	.LBE159:
 281              	.LBE157:
 282              	.LBE156:
   9:particulate.cpp **** 
 283              		.loc 8 9 14 view .LVU63
 284 0004 044A     		ldr	r2, .L19+4
 285 0006 0549     		ldr	r1, .L19+8
 286              	.LBB183:
 287              	.LBB181:
 288              	.LBB162:
 289              	.LBB163:
 290              	.LBB164:
 291              	.LBB165:
 292              	.LBB166:
 293              		.file 10 "../../libDaisy//src/per/i2c.h"
   1:../../libDaisy//src/per/i2c.h **** #pragma once
   2:../../libDaisy//src/per/i2c.h **** #include "daisy_core.h"
   3:../../libDaisy//src/per/i2c.h **** 
   4:../../libDaisy//src/per/i2c.h **** namespace daisy
   5:../../libDaisy//src/per/i2c.h **** {
   6:../../libDaisy//src/per/i2c.h **** /** A handle for interacting with an I2C peripheral. This is a dumb
   7:../../libDaisy//src/per/i2c.h ****  *  gateway that internally points to one of the four I2C peripherals
   8:../../libDaisy//src/per/i2c.h ****  *  after it was initialised. It can then be copied and passed around.
   9:../../libDaisy//src/per/i2c.h ****  *  Use an I2CHandle like this:
  10:../../libDaisy//src/per/i2c.h ****  *  
  11:../../libDaisy//src/per/i2c.h ****  *      // setup the configuration
  12:../../libDaisy//src/per/i2c.h ****  *      I2CHandle::Config i2c_conf;
  13:../../libDaisy//src/per/i2c.h ****  *      i2c_conf.periph = I2CHandle::Config::Peripheral::I2C_1;
  14:../../libDaisy//src/per/i2c.h ****  *      i2c_conf.speed  = I2CHandle::Config::Speed::I2C_400KHZ;
  15:../../libDaisy//src/per/i2c.h ****  *      i2c_conf.mode   = I2CHandle::Config::Mode::Master;
  16:../../libDaisy//src/per/i2c.h ****  *      i2c_conf.pin_config.scl  = {DSY_GPIOB, 8};
  17:../../libDaisy//src/per/i2c.h ****  *      i2c_conf.pin_config.sda  = {DSY_GPIOB, 9};
  18:../../libDaisy//src/per/i2c.h ****  *      // initialise the peripheral
  19:../../libDaisy//src/per/i2c.h ****  *      I2CHandle i2c;
  20:../../libDaisy//src/per/i2c.h ****  *      i2c.Init(i2c_conf);
  21:../../libDaisy//src/per/i2c.h ****  *      // now i2c points to the corresponding peripheral and can be used.
  22:../../libDaisy//src/per/i2c.h ****  *      i2c.TransmitBlocking( ... );
  23:../../libDaisy//src/per/i2c.h ****  */
  24:../../libDaisy//src/per/i2c.h **** class I2CHandle
  25:../../libDaisy//src/per/i2c.h **** {
  26:../../libDaisy//src/per/i2c.h ****   public:
  27:../../libDaisy//src/per/i2c.h ****     /** Contains settings for initialising an I2C interface. */
  28:../../libDaisy//src/per/i2c.h ****     struct Config
  29:../../libDaisy//src/per/i2c.h ****     {
  30:../../libDaisy//src/per/i2c.h ****         /** Specifies whether the interface will operate in master or slave mode. */
  31:../../libDaisy//src/per/i2c.h ****         enum class Mode
  32:../../libDaisy//src/per/i2c.h ****         {
  33:../../libDaisy//src/per/i2c.h ****             I2C_MASTER,
  34:../../libDaisy//src/per/i2c.h ****             I2C_SLAVE,
  35:../../libDaisy//src/per/i2c.h ****         };
  36:../../libDaisy//src/per/i2c.h **** 
  37:../../libDaisy//src/per/i2c.h ****         /** Specifices the internal peripheral to use (these are mapped to different pins on the ha
  38:../../libDaisy//src/per/i2c.h ****         enum class Peripheral
  39:../../libDaisy//src/per/i2c.h ****         {
  40:../../libDaisy//src/per/i2c.h ****             I2C_1 = 0, /**< & */
  41:../../libDaisy//src/per/i2c.h ****             I2C_2,     /**< & */
ARM GAS  /var/folders/hl/qgbwny5j0fd895c2c41bk3tw0000gp/T//ccHKzuM6.s 			page 19


  42:../../libDaisy//src/per/i2c.h ****             I2C_3,     /**< & */
  43:../../libDaisy//src/per/i2c.h ****             I2C_4,     /**< & */
  44:../../libDaisy//src/per/i2c.h ****         };
  45:../../libDaisy//src/per/i2c.h **** 
  46:../../libDaisy//src/per/i2c.h ****         /** Rate at which the clock/data will be sent/received. The device being used will have max
  47:../../libDaisy//src/per/i2c.h ****          *  1MHZ Mode is currently 886kHz
  48:../../libDaisy//src/per/i2c.h ****          */
  49:../../libDaisy//src/per/i2c.h ****         enum class Speed
  50:../../libDaisy//src/per/i2c.h ****         {
  51:../../libDaisy//src/per/i2c.h ****             I2C_100KHZ, /**< & */
  52:../../libDaisy//src/per/i2c.h ****             I2C_400KHZ, /**< & */
  53:../../libDaisy//src/per/i2c.h ****             I2C_1MHZ,   /**< & */
  54:../../libDaisy//src/per/i2c.h ****         };
  55:../../libDaisy//src/per/i2c.h **** 
  56:../../libDaisy//src/per/i2c.h ****         Peripheral periph; /**< & */
  57:../../libDaisy//src/per/i2c.h ****         struct
  58:../../libDaisy//src/per/i2c.h ****         {
  59:../../libDaisy//src/per/i2c.h ****             dsy_gpio_pin scl; /**< & */
  60:../../libDaisy//src/per/i2c.h ****             dsy_gpio_pin sda; /**< & */
  61:../../libDaisy//src/per/i2c.h ****         } pin_config;         /**< & */
  62:../../libDaisy//src/per/i2c.h **** 
  63:../../libDaisy//src/per/i2c.h ****         Speed speed; /**< & */
  64:../../libDaisy//src/per/i2c.h ****         Mode  mode;  /**< & */
  65:../../libDaisy//src/per/i2c.h ****         // 0x10 is chosen as a default to avoid conflicts with reserved addresses
  66:../../libDaisy//src/per/i2c.h ****         uint8_t address = 0x10; /**< & */
  67:../../libDaisy//src/per/i2c.h ****     };
  68:../../libDaisy//src/per/i2c.h **** 
  69:../../libDaisy//src/per/i2c.h ****     /** Return values for I2C functions. */
  70:../../libDaisy//src/per/i2c.h ****     enum class Result
  71:../../libDaisy//src/per/i2c.h ****     {
  72:../../libDaisy//src/per/i2c.h ****         OK, /**< & */
  73:../../libDaisy//src/per/i2c.h ****         ERR /**< & */
  74:../../libDaisy//src/per/i2c.h ****     };
  75:../../libDaisy//src/per/i2c.h **** 
  76:../../libDaisy//src/per/i2c.h ****     enum class Direction
  77:../../libDaisy//src/per/i2c.h ****     {
  78:../../libDaisy//src/per/i2c.h ****         TRANSMIT, /**< & */
  79:../../libDaisy//src/per/i2c.h ****         RECEIVE,  /**< & */
  80:../../libDaisy//src/per/i2c.h ****     };
  81:../../libDaisy//src/per/i2c.h **** 
  82:../../libDaisy//src/per/i2c.h ****     I2CHandle() : pimpl_(nullptr) {}
 294              		.loc 10 82 33 view .LVU64
 295 0008 0362     		str	r3, [r0, #32]
 296              	.LBE166:
 297              	.LBE165:
 298              	.LBE164:
 299              	.LBE163:
 300              	.LBE162:
 301              	.LBB169:
 302              	.LBB170:
 303              	.LBB171:
 304              		.file 11 "../../libDaisy//src/per/dac.h"
   1:../../libDaisy//src/per/dac.h **** #pragma once
   2:../../libDaisy//src/per/dac.h **** #ifndef DSY_DAC_H
   3:../../libDaisy//src/per/dac.h **** #define DSY_DAC_H
   4:../../libDaisy//src/per/dac.h **** 
   5:../../libDaisy//src/per/dac.h **** #include "daisy_core.h"
ARM GAS  /var/folders/hl/qgbwny5j0fd895c2c41bk3tw0000gp/T//ccHKzuM6.s 			page 20


   6:../../libDaisy//src/per/dac.h **** 
   7:../../libDaisy//src/per/dac.h **** namespace daisy
   8:../../libDaisy//src/per/dac.h **** {
   9:../../libDaisy//src/per/dac.h **** /** @brief DAC handle for Built-in DAC Peripheral 
  10:../../libDaisy//src/per/dac.h ****  *  @ingroup per_analog
  11:../../libDaisy//src/per/dac.h ****  ** 
  12:../../libDaisy//src/per/dac.h ****  ** For now only Normal Mode is supported,
  13:../../libDaisy//src/per/dac.h ****  ** Sample and hold mode provides reduced power consumption, but requires a bit more setup.
  14:../../libDaisy//src/per/dac.h ****  **
  15:../../libDaisy//src/per/dac.h ****  ** For now connecting the DAC through other internal peripherals is also not supported.
  16:../../libDaisy//src/per/dac.h ****  **
  17:../../libDaisy//src/per/dac.h ****  ** Since the DAC channels have dedicated pins we don't need to pass in a pin config like with
  18:../../libDaisy//src/per/dac.h ****  ** other modules. However, it is still important to not try to use the DAC pins for anything else.
  19:../../libDaisy//src/per/dac.h ****  ** DAC Channel 1 is on PA4, and DAC Channel 2 is on PA5
  20:../../libDaisy//src/per/dac.h ****  ***/
  21:../../libDaisy//src/per/dac.h **** class DacHandle
  22:../../libDaisy//src/per/dac.h **** {
  23:../../libDaisy//src/per/dac.h ****   public:
  24:../../libDaisy//src/per/dac.h ****     /** Return Values for the DacHandle class */
  25:../../libDaisy//src/per/dac.h ****     enum class Result
  26:../../libDaisy//src/per/dac.h ****     {
  27:../../libDaisy//src/per/dac.h ****         OK,
  28:../../libDaisy//src/per/dac.h ****         ERR,
  29:../../libDaisy//src/per/dac.h ****     };
  30:../../libDaisy//src/per/dac.h **** 
  31:../../libDaisy//src/per/dac.h ****     /** Selects which channel(s) will be configured for use. */
  32:../../libDaisy//src/per/dac.h ****     enum class Channel
  33:../../libDaisy//src/per/dac.h ****     {
  34:../../libDaisy//src/per/dac.h ****         ONE,
  35:../../libDaisy//src/per/dac.h ****         TWO,
  36:../../libDaisy//src/per/dac.h ****         BOTH,
  37:../../libDaisy//src/per/dac.h ****     };
  38:../../libDaisy//src/per/dac.h **** 
  39:../../libDaisy//src/per/dac.h ****     /** Sets the Mode for the DAC channels.
  40:../../libDaisy//src/per/dac.h ****      **
  41:../../libDaisy//src/per/dac.h ****      ** Polling mode uses the blocking mode to transmit a single value at a time.
  42:../../libDaisy//src/per/dac.h ****      **
  43:../../libDaisy//src/per/dac.h ****      ** DMA mode uses a buffer, and periodically transmits it triggering a 
  44:../../libDaisy//src/per/dac.h ****      ** callback to fill the buffer when it is ready for more samples.
  45:../../libDaisy//src/per/dac.h ****      ***/
  46:../../libDaisy//src/per/dac.h ****     enum class Mode
  47:../../libDaisy//src/per/dac.h ****     {
  48:../../libDaisy//src/per/dac.h ****         POLLING,
  49:../../libDaisy//src/per/dac.h ****         DMA,
  50:../../libDaisy//src/per/dac.h ****     };
  51:../../libDaisy//src/per/dac.h **** 
  52:../../libDaisy//src/per/dac.h ****     /** Sets the number of bits per sample transmitted out of the DAC.
  53:../../libDaisy//src/per/dac.h ****      ** The output range will be: 0V - VDDA
  54:../../libDaisy//src/per/dac.h ****      ** The resolution will be roughly: bitdepth / (VDDA - 0V) 
  55:../../libDaisy//src/per/dac.h ****      ***/
  56:../../libDaisy//src/per/dac.h ****     enum class BitDepth
  57:../../libDaisy//src/per/dac.h ****     {
  58:../../libDaisy//src/per/dac.h ****         BITS_8,
  59:../../libDaisy//src/per/dac.h ****         BITS_12
  60:../../libDaisy//src/per/dac.h ****     };
  61:../../libDaisy//src/per/dac.h **** 
  62:../../libDaisy//src/per/dac.h ****     /** Sets whether the DAC output is buffered for higher drive ability. */
ARM GAS  /var/folders/hl/qgbwny5j0fd895c2c41bk3tw0000gp/T//ccHKzuM6.s 			page 21


  63:../../libDaisy//src/per/dac.h ****     enum class BufferState
  64:../../libDaisy//src/per/dac.h ****     {
  65:../../libDaisy//src/per/dac.h ****         ENABLED,
  66:../../libDaisy//src/per/dac.h ****         DISABLED,
  67:../../libDaisy//src/per/dac.h ****     };
  68:../../libDaisy//src/per/dac.h **** 
  69:../../libDaisy//src/per/dac.h ****     /** Configuration structure for initializing the DAC structure. */
  70:../../libDaisy//src/per/dac.h ****     struct Config
  71:../../libDaisy//src/per/dac.h ****     {
  72:../../libDaisy//src/per/dac.h ****         /** Target Samplerate in Hz used to configure the internal 
  73:../../libDaisy//src/per/dac.h ****          ** timebase for DMA mode. Does nothing in POLLING mode.
  74:../../libDaisy//src/per/dac.h ****          ** If the value is 0 at Init time this will default to 48000Hz 
  75:../../libDaisy//src/per/dac.h ****          ** otherwise the driver will attempt meet the target.*/
  76:../../libDaisy//src/per/dac.h ****         uint32_t target_samplerate;
  77:../../libDaisy//src/per/dac.h **** 
  78:../../libDaisy//src/per/dac.h ****         Channel     chn;
  79:../../libDaisy//src/per/dac.h ****         Mode        mode;
  80:../../libDaisy//src/per/dac.h ****         BitDepth    bitdepth;
  81:../../libDaisy//src/per/dac.h ****         BufferState buff_state;
  82:../../libDaisy//src/per/dac.h ****     };
  83:../../libDaisy//src/per/dac.h **** 
  84:../../libDaisy//src/per/dac.h ****     DacHandle() : pimpl_(nullptr) {}
 305              		.loc 11 84 33 view .LVU65
 306 000a 8362     		str	r3, [r0, #40]
 307              	.LBE171:
 308              	.LBE170:
 309              	.LBE169:
 310              	.LBB172:
 311              	.LBB173:
 312              	.LBB174:
  95:../../libDaisy//src/hid/audio.h ****     ~AudioHandle() {}
 313              		.loc 6 95 35 view .LVU66
 314 000c C0E90333 		strd	r3, r3, [r0, #12]
 315              	.LVL12:
  95:../../libDaisy//src/hid/audio.h ****     ~AudioHandle() {}
 316              		.loc 6 95 35 view .LVU67
 317              	.LBE174:
 318              	.LBE173:
 319              	.LBE172:
 320              	.LBB175:
 321              	.LBI175:
  92:../../libDaisy//src/per/adc.h ****     ~AdcHandle() {}
 322              		.loc 5 92 5 is_stmt 1 view .LVU68
  92:../../libDaisy//src/per/adc.h ****     ~AdcHandle() {}
 323              		.loc 5 92 5 is_stmt 0 view .LVU69
 324              	.LBE175:
 325              	.LBB176:
 326              	.LBI176:
  40:../../libDaisy//src/hid/usb.h **** 
 327              		.loc 4 40 5 is_stmt 1 view .LVU70
  40:../../libDaisy//src/hid/usb.h **** 
 328              		.loc 4 40 5 is_stmt 0 view .LVU71
 329              	.LBE176:
 330              	.LBB177:
 331              	.LBI162:
  28:../../libDaisy//src/dev/codec_pcm3060.h ****     ~Pcm3060() {}
 332              		.loc 3 28 5 is_stmt 1 view .LVU72
ARM GAS  /var/folders/hl/qgbwny5j0fd895c2c41bk3tw0000gp/T//ccHKzuM6.s 			page 22


 333              	.LBB168:
 334              	.LBB167:
 335              	.LBI164:
 336              		.loc 10 82 5 view .LVU73
 337              		.loc 10 82 5 is_stmt 0 view .LVU74
 338              	.LBE167:
 339              	.LBE168:
 340              	.LBE177:
 341              	.LBB178:
 342              	.LBI169:
 343              		.loc 11 84 5 is_stmt 1 view .LVU75
 344              		.loc 11 84 5 is_stmt 0 view .LVU76
 345              	.LBE178:
 346              	.LBE181:
 347              	.LBE183:
 348              	.LBE155:
 349              	.LBE154:
  64:../../libDaisy//src/daisy_patch_sm.h ****         ~DaisyPatchSM() {}
 350              		.loc 1 64 24 is_stmt 1 view .LVU77
 351              	.LBB186:
 352              	.LBB185:
 353              	.LBB184:
 354              	.LBB182:
 355              	.LBB179:
 356              	.LBI179:
  20:../../libDaisy//src/hid/gatein.h ****     /** GateIn~
 357              		.loc 2 20 5 view .LVU78
  20:../../libDaisy//src/hid/gatein.h ****     /** GateIn~
 358              		.loc 2 20 5 is_stmt 0 view .LVU79
 359              	.LBE179:
 360              	.LBB180:
 361              	.LBI180:
  20:../../libDaisy//src/hid/gatein.h ****     /** GateIn~
 362              		.loc 2 20 5 is_stmt 1 view .LVU80
  20:../../libDaisy//src/hid/gatein.h ****     /** GateIn~
 363              		.loc 2 20 5 is_stmt 0 view .LVU81
 364              	.LBE180:
 365              	.LBE182:
 366              	.LBE184:
   9:particulate.cpp **** 
 367              		.loc 8 9 14 view .LVU82
 368 0010 FFF7FEBF 		b	__aeabi_atexit
 369              	.LVL13:
 370              	.L20:
 371              		.align	2
 372              	.L19:
 373 0014 00000000 		.word	.LANCHOR0
 374 0018 00000000 		.word	__dso_handle
 375 001c 00000000 		.word	_ZN5daisy8patch_sm12DaisyPatchSMD1Ev
 376              	.LBE185:
 377              	.LBE186:
 378              		.cfi_endproc
 379              	.LFE5795:
 381              		.section	.init_array,"aw",%init_array
 382              		.align	2
 383 0000 00000000 		.word	_GLOBAL__sub_I_hw(target1)
 384              		.global	hw
ARM GAS  /var/folders/hl/qgbwny5j0fd895c2c41bk3tw0000gp/T//ccHKzuM6.s 			page 23


 385              		.section	.bss.hw,"aw",%nobits
 386              		.align	2
 387              		.set	.LANCHOR0,. + 0
 390              	hw:
 391 0000 00000000 		.space	464
 391      00000000 
 391      00000000 
 391      00000000 
 391      00000000 
 392              		.text
 393              	.Letext0:
 394              		.file 12 "/opt/homebrew/Cellar/arm-none-eabi-gcc/10.3-2021.07/gcc/arm-none-eabi/include/machine/_d
 395              		.file 13 "/opt/homebrew/Cellar/arm-none-eabi-gcc/10.3-2021.07/gcc/arm-none-eabi/include/sys/_stdin
 396              		.file 14 "/opt/homebrew/Cellar/arm-none-eabi-gcc/10.3-2021.07/gcc/arm-none-eabi/include/stdint.h"
 397              		.file 15 "/opt/homebrew/Cellar/arm-none-eabi-gcc/10.3-2021.07/gcc/lib/gcc/arm-none-eabi/10.3.1/inc
 398              		.file 16 "/opt/homebrew/Cellar/arm-none-eabi-gcc/10.3-2021.07/gcc/arm-none-eabi/include/c++/10.3.1
 399              		.file 17 "/opt/homebrew/Cellar/arm-none-eabi-gcc/10.3-2021.07/gcc/arm-none-eabi/include/c++/10.3.1
 400              		.file 18 "/opt/homebrew/Cellar/arm-none-eabi-gcc/10.3-2021.07/gcc/arm-none-eabi/include/c++/10.3.1
 401              		.file 19 "/opt/homebrew/Cellar/arm-none-eabi-gcc/10.3-2021.07/gcc/arm-none-eabi/include/c++/10.3.1
 402              		.file 20 "/opt/homebrew/Cellar/arm-none-eabi-gcc/10.3-2021.07/gcc/arm-none-eabi/include/c++/10.3.1
 403              		.file 21 "/opt/homebrew/Cellar/arm-none-eabi-gcc/10.3-2021.07/gcc/arm-none-eabi/include/c++/10.3.1
 404              		.file 22 "/opt/homebrew/Cellar/arm-none-eabi-gcc/10.3-2021.07/gcc/arm-none-eabi/include/c++/10.3.1
 405              		.file 23 "/opt/homebrew/Cellar/arm-none-eabi-gcc/10.3-2021.07/gcc/arm-none-eabi/include/c++/10.3.1
 406              		.file 24 "/opt/homebrew/Cellar/arm-none-eabi-gcc/10.3-2021.07/gcc/arm-none-eabi/include/c++/10.3.1
 407              		.file 25 "/opt/homebrew/Cellar/arm-none-eabi-gcc/10.3-2021.07/gcc/arm-none-eabi/include/c++/10.3.1
 408              		.file 26 "/opt/homebrew/Cellar/arm-none-eabi-gcc/10.3-2021.07/gcc/arm-none-eabi/include/c++/10.3.1
 409              		.file 27 "/opt/homebrew/Cellar/arm-none-eabi-gcc/10.3-2021.07/gcc/arm-none-eabi/include/c++/10.3.1
 410              		.file 28 "/opt/homebrew/Cellar/arm-none-eabi-gcc/10.3-2021.07/gcc/arm-none-eabi/include/c++/10.3.1
 411              		.file 29 "/opt/homebrew/Cellar/arm-none-eabi-gcc/10.3-2021.07/gcc/arm-none-eabi/include/c++/10.3.1
 412              		.file 30 "/opt/homebrew/Cellar/arm-none-eabi-gcc/10.3-2021.07/gcc/arm-none-eabi/include/c++/10.3.1
 413              		.file 31 "/opt/homebrew/Cellar/arm-none-eabi-gcc/10.3-2021.07/gcc/arm-none-eabi/include/c++/10.3.1
 414              		.file 32 "/opt/homebrew/Cellar/arm-none-eabi-gcc/10.3-2021.07/gcc/arm-none-eabi/include/c++/10.3.1
 415              		.file 33 "/opt/homebrew/Cellar/arm-none-eabi-gcc/10.3-2021.07/gcc/arm-none-eabi/include/c++/10.3.1
 416              		.file 34 "/opt/homebrew/Cellar/arm-none-eabi-gcc/10.3-2021.07/gcc/arm-none-eabi/include/sys/_types
 417              		.file 35 "/opt/homebrew/Cellar/arm-none-eabi-gcc/10.3-2021.07/gcc/arm-none-eabi/include/sys/reent.
 418              		.file 36 "/opt/homebrew/Cellar/arm-none-eabi-gcc/10.3-2021.07/gcc/arm-none-eabi/include/sys/lock.h
 419              		.file 37 "/opt/homebrew/Cellar/arm-none-eabi-gcc/10.3-2021.07/gcc/arm-none-eabi/include/math.h"
 420              		.file 38 "/opt/homebrew/Cellar/arm-none-eabi-gcc/10.3-2021.07/gcc/arm-none-eabi/include/stdlib.h"
 421              		.file 39 "/opt/homebrew/Cellar/arm-none-eabi-gcc/10.3-2021.07/gcc/arm-none-eabi/include/c++/10.3.1
 422              		.file 40 "/opt/homebrew/Cellar/arm-none-eabi-gcc/10.3-2021.07/gcc/arm-none-eabi/include/c++/10.3.1
 423              		.file 41 "../../libDaisy//src/daisy_core.h"
 424              		.file 42 "../../libDaisy//src/per/tim.h"
 425              		.file 43 "../../libDaisy//src/per/sai.h"
 426              		.file 44 "../../libDaisy//src/hid/ctrl.h"
 427              		.file 45 "../../libDaisy//src/util/wav_format.h"
 428              		.file 46 "../../libDaisy//src/dev/max11300.h"
 429              		.file 47 "../../libDaisy//src/per/gpio.h"
 430              		.file 48 "../../libDaisy//src/dev/sdram.h"
 431              		.file 49 "/opt/homebrew/Cellar/arm-none-eabi-gcc/10.3-2021.07/gcc/lib/gcc/arm-none-eabi/10.3.1/inc
 432              		.file 50 "/opt/homebrew/Cellar/arm-none-eabi-gcc/10.3-2021.07/gcc/arm-none-eabi/include/stdio.h"
 433              		.file 51 "/opt/homebrew/Cellar/arm-none-eabi-gcc/10.3-2021.07/gcc/arm-none-eabi/include/string.h"
 434              		.file 52 "../../DaisySP//Source/Control/adenv.h"
 435              		.file 53 "../../DaisySP//Source/Utility/dsp.h"
 436              		.file 54 "/opt/homebrew/Cellar/arm-none-eabi-gcc/10.3-2021.07/gcc/arm-none-eabi/include/wchar.h"
 437              		.file 55 "/opt/homebrew/Cellar/arm-none-eabi-gcc/10.3-2021.07/gcc/arm-none-eabi/include/locale.h"
 438              		.file 56 "dsp/correlator.h"
 439              		.file 57 "../../libDaisy//src/dev/sr_595.h"
ARM GAS  /var/folders/hl/qgbwny5j0fd895c2c41bk3tw0000gp/T//ccHKzuM6.s 			page 24


 440              		.file 58 "dsp/frame.h"
 441              		.file 59 "./resources.h"
 442              		.file 60 "./stmtemp.h"
 443              		.file 61 "dsp/fx/fx_engine.h"
 444              		.file 62 "dsp/fx/diffuser.h"
 445              		.file 63 "dsp/fx/pitch_shifter.h"
 446              		.file 64 "dsp/fx/reverb.h"
 447              		.file 65 "dsp/mu_law.h"
 448              		.file 66 "dsp/audio_buffer.h"
 449              		.file 67 "dsp/grain.h"
 450              		.file 68 "dsp/parameters.h"
 451              		.file 69 "dsp/granular_sample_player.h"
 452              		.file 70 "dsp/looping_sample_player.h"
 453              		.file 71 "dsp/pvoc/frame_transformation.h"
 454              		.file 72 "dsp/pvoc/stft.h"
 455              		.file 73 "dsp/pvoc/phase_vocoder.h"
 456              		.file 74 "dsp/sample_rate_converter.h"
 457              		.file 75 "dsp/window.h"
 458              		.file 76 "dsp/wsola_sample_player.h"
 459              		.file 77 "dsp/granular_processor.h"
 460              		.file 78 "<built-in>"
ARM GAS  /var/folders/hl/qgbwny5j0fd895c2c41bk3tw0000gp/T//ccHKzuM6.s 			page 25


DEFINED SYMBOLS
                            *ABS*:0000000000000000 particulate.cpp
/var/folders/hl/qgbwny5j0fd895c2c41bk3tw0000gp/T//ccHKzuM6.s:17     .text._ZN5daisy8patch_sm12DaisyPatchSMD2Ev:0000000000000000 $t
/var/folders/hl/qgbwny5j0fd895c2c41bk3tw0000gp/T//ccHKzuM6.s:26     .text._ZN5daisy8patch_sm12DaisyPatchSMD2Ev:0000000000000000 _ZN5daisy8patch_sm12DaisyPatchSMD2Ev
/var/folders/hl/qgbwny5j0fd895c2c41bk3tw0000gp/T//ccHKzuM6.s:26     .text._ZN5daisy8patch_sm12DaisyPatchSMD2Ev:0000000000000000 _ZN5daisy8patch_sm12DaisyPatchSMD1Ev
/var/folders/hl/qgbwny5j0fd895c2c41bk3tw0000gp/T//ccHKzuM6.s:84     .text._Z13AudioCallbackPKPKfPPfj:0000000000000000 $t
/var/folders/hl/qgbwny5j0fd895c2c41bk3tw0000gp/T//ccHKzuM6.s:92     .text._Z13AudioCallbackPKPKfPPfj:0000000000000000 _Z13AudioCallbackPKPKfPPfj
/var/folders/hl/qgbwny5j0fd895c2c41bk3tw0000gp/T//ccHKzuM6.s:178    .text._Z13AudioCallbackPKPKfPPfj:0000000000000038 $d
/var/folders/hl/qgbwny5j0fd895c2c41bk3tw0000gp/T//ccHKzuM6.s:183    .text.startup.main:0000000000000000 $t
/var/folders/hl/qgbwny5j0fd895c2c41bk3tw0000gp/T//ccHKzuM6.s:191    .text.startup.main:0000000000000000 main
/var/folders/hl/qgbwny5j0fd895c2c41bk3tw0000gp/T//ccHKzuM6.s:235    .text.startup.main:0000000000000024 $d
/var/folders/hl/qgbwny5j0fd895c2c41bk3tw0000gp/T//ccHKzuM6.s:241    .text.startup._GLOBAL__sub_I_hw:0000000000000000 $t
/var/folders/hl/qgbwny5j0fd895c2c41bk3tw0000gp/T//ccHKzuM6.s:248    .text.startup._GLOBAL__sub_I_hw:0000000000000000 _GLOBAL__sub_I_hw
/var/folders/hl/qgbwny5j0fd895c2c41bk3tw0000gp/T//ccHKzuM6.s:373    .text.startup._GLOBAL__sub_I_hw:0000000000000014 $d
/var/folders/hl/qgbwny5j0fd895c2c41bk3tw0000gp/T//ccHKzuM6.s:382    .init_array:0000000000000000 $d
/var/folders/hl/qgbwny5j0fd895c2c41bk3tw0000gp/T//ccHKzuM6.s:390    .bss.hw:0000000000000000 hw
/var/folders/hl/qgbwny5j0fd895c2c41bk3tw0000gp/T//ccHKzuM6.s:386    .bss.hw:0000000000000000 $d
                           .group:0000000000000000 _ZN5daisy8patch_sm12DaisyPatchSMD5Ev

UNDEFINED SYMBOLS
_ZN5daisy8patch_sm12DaisyPatchSM21ProcessAnalogControlsEv
_ZN5daisy8patch_sm12DaisyPatchSM22ProcessDigitalControlsEv
_ZN5daisy8patch_sm12DaisyPatchSM4InitEv
_ZN5daisy8patch_sm12DaisyPatchSM17SetAudioBlockSizeEj
_ZN5daisy8patch_sm12DaisyPatchSM18SetAudioSampleRateENS_9SaiHandle6Config10SampleRateE
_ZN5daisy8patch_sm12DaisyPatchSM10StartAudioEPFvPKPKfPPfjE
__aeabi_atexit
__dso_handle
