ARM GAS  C:\Users\daniel\AppData\Local\Temp\ccXhbOeY.s 			page 1


   1              		.cpu cortex-m7
   2              		.eabi_attribute 28, 1
   3              		.eabi_attribute 20, 1
   4              		.eabi_attribute 21, 1
   5              		.eabi_attribute 23, 3
   6              		.eabi_attribute 24, 1
   7              		.eabi_attribute 25, 1
   8              		.eabi_attribute 26, 1
   9              		.eabi_attribute 30, 4
  10              		.eabi_attribute 34, 1
  11              		.eabi_attribute 18, 4
  12              		.file	"random.cc"
  13              		.text
  14              	.Ltext0:
  15              		.cfi_sections	.debug_frame
  16              		.global	_ZN6stmlib6Random10rng_state_E
  17              		.section	.data._ZN6stmlib6Random10rng_state_E,"aw"
  18              		.align	2
  21              	_ZN6stmlib6Random10rng_state_E:
  22 0000 21000000 		.word	33
  23              		.text
  24              	.Letext0:
  25              		.file 1 "c:\\programdata\\chocolatey\\lib\\gcc-arm-embedded\\tools\\gcc-arm-none-eabi-10-2020-q4-m
  26              		.file 2 "c:\\programdata\\chocolatey\\lib\\gcc-arm-embedded\\tools\\gcc-arm-none-eabi-10-2020-q4-m
  27              		.file 3 "../../libDaisy/Drivers/CMSIS/Device/ST/STM32H7xx/Include/stm32h7xx.h"
  28              		.file 4 "c:\\programdata\\chocolatey\\lib\\gcc-arm-embedded\\tools\\gcc-arm-none-eabi-10-2020-q4-m
  29              		.file 5 "c:\\programdata\\chocolatey\\lib\\gcc-arm-embedded\\tools\\gcc-arm-none-eabi-10-2020-q4-m
  30              		.file 6 "c:\\programdata\\chocolatey\\lib\\gcc-arm-embedded\\tools\\gcc-arm-none-eabi-10-2020-q4-m
  31              		.file 7 "c:\\programdata\\chocolatey\\lib\\gcc-arm-embedded\\tools\\gcc-arm-none-eabi-10-2020-q4-m
  32              		.file 8 "c:\\programdata\\chocolatey\\lib\\gcc-arm-embedded\\tools\\gcc-arm-none-eabi-10-2020-q4-m
  33              		.file 9 "c:\\programdata\\chocolatey\\lib\\gcc-arm-embedded\\tools\\gcc-arm-none-eabi-10-2020-q4-m
  34              		.file 10 "../../libDaisy/Drivers/STM32H7xx_HAL_Driver/Inc/stm32h7xx_hal_comp.h"
  35              		.file 11 "../../libDaisy/Drivers/STM32H7xx_HAL_Driver/Inc/stm32h7xx_hal.h"
  36              		.file 12 "../../stmlib/stmlib.h"
  37              		.file 13 "../../stmlib/utils/random.h"
  38              		.file 14 "<built-in>"
  39              		.file 15 "../../stmlib/utils/random.cc"
ARM GAS  C:\Users\daniel\AppData\Local\Temp\ccXhbOeY.s 			page 2


DEFINED SYMBOLS
                            *ABS*:00000000 random.cc
C:\Users\daniel\AppData\Local\Temp\ccXhbOeY.s:21     .data._ZN6stmlib6Random10rng_state_E:00000000 _ZN6stmlib6Random10rng_state_E
C:\Users\daniel\AppData\Local\Temp\ccXhbOeY.s:18     .data._ZN6stmlib6Random10rng_state_E:00000000 $d

NO UNDEFINED SYMBOLS
